{
"contracts/core/OpynPerpVault.sol":{"l":{"104":21,"105":15,"112":13,"113":9,"120":5,"121":5,"122":5,"129":2,"130":2,"131":2,"138":5,"139":4,"170":3,"171":3,"172":3,"173":3,"174":3,"176":3,"177":3,"178":3,"181":3,"183":8,"184":6,"186":6,"189":1,"191":1,"199":2,"200":2,"207":13,"216":10,"225":1,"234":7,"235":7,"246":3,"247":3,"248":3,"249":2,"252":2,"263":2,"264":1,"266":1,"268":1,"271":1,"282":3,"283":3,"294":4,"295":4,"296":4,"306":4,"307":3,"322":2,"324":2,"327":2,"329":2,"330":2,"337":5,"339":4,"341":4,"348":1,"349":1,"350":1,"357":2,"358":1,"359":1,"370":34,"377":10,"384":42,"392":44,"393":44,"394":88,"396":44,"404":7,"405":7,"406":7,"407":6,"409":6,"411":6,"413":6,"420":2,"422":4,"425":4,"426":4,"435":4,"437":4,"440":4,"441":4,"442":8,"443":8,"445":7,"447":7,"448":7,"449":7,"453":3,"461":4,"463":3,"464":3,"467":3,"469":3,"471":3,"473":3,"481":3,"483":3,"485":3,"487":3,"496":16,"498":16,"499":16,"506":4,"507":4,"515":2,"516":2,"518":2,"520":2,"522":2,"528":2,"529":2,"531":2,"533":2,"544":2,"545":2,"546":2,"548":2,"551":2,"552":2,"558":2,"559":2,"565":2,"566":2,"567":2},"path":"/Users/aparnakrishnan/Desktop/Opyn/perp-vault-templates/contracts/core/OpynPerpVault.sol","s":{"1":21,"2":13,"3":5,"4":5,"5":2,"6":2,"7":5,"8":3,"9":3,"10":3,"11":3,"12":3,"13":3,"14":3,"15":3,"16":3,"17":8,"18":6,"19":6,"20":1,"21":1,"22":2,"23":2,"24":13,"25":10,"26":1,"27":7,"28":7,"29":3,"30":3,"31":3,"32":2,"33":2,"34":2,"35":1,"36":1,"37":1,"38":1,"39":3,"40":3,"41":4,"42":4,"43":4,"44":4,"45":3,"46":2,"47":2,"48":2,"49":2,"50":2,"51":5,"52":4,"53":4,"54":1,"55":1,"56":1,"57":2,"58":1,"59":1,"60":34,"61":10,"62":42,"63":44,"64":44,"65":88,"66":44,"67":7,"68":7,"69":7,"70":6,"71":6,"72":6,"73":6,"74":2,"75":4,"76":4,"77":4,"78":4,"79":4,"80":4,"81":4,"82":4,"83":8,"84":8,"85":7,"86":7,"87":7,"88":7,"89":3,"90":4,"91":3,"92":3,"93":3,"94":3,"95":3,"96":3,"97":3,"98":3,"99":3,"100":3,"101":16,"102":16,"103":16,"104":4,"105":4,"106":2,"107":2,"108":2,"109":2,"110":2,"111":2,"112":2,"113":2,"114":1,"115":2,"116":2,"117":2,"118":2,"119":2,"120":2,"121":2,"122":2,"123":2,"124":2,"125":2,"126":2,"127":2},"b":{"1":[15,6],"2":[9,4],"3":[4,1],"4":[4,2],"5":[2,1],"6":[1,1],"7":[4,1],"8":[1,1],"9":[6,1],"10":[4,0],"11":[7,1],"12":[7,0],"13":[2,1],"14":[3,1],"15":[2,0],"16":[1,1]},"f":{"1":21,"2":13,"3":5,"4":2,"5":5,"6":3,"7":2,"8":13,"9":10,"10":1,"11":7,"12":3,"13":2,"14":3,"15":4,"16":4,"17":2,"18":5,"19":1,"20":2,"21":34,"22":10,"23":42,"24":44,"25":7,"26":2,"27":4,"28":4,"29":3,"30":16,"31":4,"32":2,"33":2},"fnMap":{"1":{"name":"onlyUnlocked","line":103,"loc":{"start":{"line":103,"column":2},"end":{"line":106,"column":2}}},"2":{"name":"onlyLocked","line":111,"loc":{"start":{"line":111,"column":2},"end":{"line":114,"column":2}}},"3":{"name":"lockState","line":119,"loc":{"start":{"line":119,"column":2},"end":{"line":123,"column":2}}},"4":{"name":"unlockState","line":128,"loc":{"start":{"line":128,"column":2},"end":{"line":132,"column":2}}},"5":{"name":"notEmergency","line":137,"loc":{"start":{"line":137,"column":2},"end":{"line":140,"column":2}}},"6":{"name":"init","line":169,"loc":{"start":{"line":160,"column":2},"end":{"line":192,"column":2}}},"7":{"name":"setCap","line":198,"loc":{"start":{"line":198,"column":2},"end":{"line":201,"column":2}}},"8":{"name":"totalAsset","line":206,"loc":{"start":{"line":206,"column":2},"end":{"line":208,"column":2}}},"9":{"name":"getSharesByDepositAmount","line":215,"loc":{"start":{"line":215,"column":2},"end":{"line":217,"column":2}}},"10":{"name":"getWithdrawAmountByShares","line":224,"loc":{"start":{"line":224,"column":2},"end":{"line":226,"column":2}}},"11":{"name":"deposit","line":233,"loc":{"start":{"line":233,"column":2},"end":{"line":236,"column":2}}},"12":{"name":"registerDeposit","line":245,"loc":{"start":{"line":245,"column":2},"end":{"line":253,"column":2}}},"13":{"name":"claimShares","line":262,"loc":{"start":{"line":262,"column":2},"end":{"line":272,"column":2}}},"14":{"name":"withdraw","line":281,"loc":{"start":{"line":281,"column":2},"end":{"line":284,"column":2}}},"15":{"name":"registerWithdraw","line":293,"loc":{"start":{"line":293,"column":2},"end":{"line":297,"column":2}}},"16":{"name":"withdrawFromQueue","line":305,"loc":{"start":{"line":305,"column":2},"end":{"line":308,"column":2}}},"17":{"name":"closePositions","line":320,"loc":{"start":{"line":320,"column":2},"end":{"line":331,"column":2}}},"18":{"name":"rollOver","line":336,"loc":{"start":{"line":336,"column":2},"end":{"line":342,"column":2}}},"19":{"name":"emergencyPause","line":347,"loc":{"start":{"line":347,"column":2},"end":{"line":351,"column":2}}},"20":{"name":"resumeFromPause","line":356,"loc":{"start":{"line":356,"column":2},"end":{"line":360,"column":2}}},"21":{"name":"_netAssetsControlled","line":369,"loc":{"start":{"line":369,"column":2},"end":{"line":371,"column":2}}},"22":{"name":"_totalAssets","line":376,"loc":{"start":{"line":376,"column":2},"end":{"line":378,"column":2}}},"23":{"name":"_effectiveBalance","line":383,"loc":{"start":{"line":383,"column":2},"end":{"line":385,"column":2}}},"24":{"name":"_totalDebt","line":391,"loc":{"start":{"line":391,"column":2},"end":{"line":397,"column":2}}},"25":{"name":"_deposit","line":402,"loc":{"start":{"line":402,"column":2},"end":{"line":414,"column":2}}},"26":{"name":"_closeAndWithdraw","line":419,"loc":{"start":{"line":419,"column":2},"end":{"line":428,"column":2}}},"27":{"name":"_distribute","line":434,"loc":{"start":{"line":434,"column":2},"end":{"line":454,"column":2}}},"28":{"name":"_withdrawFromQueue","line":460,"loc":{"start":{"line":460,"column":2},"end":{"line":474,"column":2}}},"29":{"name":"_regularWithdraw","line":480,"loc":{"start":{"line":480,"column":2},"end":{"line":488,"column":2}}},"30":{"name":"_getSharesByDepositAmount","line":495,"loc":{"start":{"line":495,"column":2},"end":{"line":500,"column":2}}},"31":{"name":"_getWithdrawAmountByShares","line":505,"loc":{"start":{"line":505,"column":2},"end":{"line":508,"column":2}}},"32":{"name":"_payRoundFee","line":513,"loc":{"start":{"line":513,"column":2},"end":{"line":534,"column":2}}},"33":{"name":"_snapshotShareAndAsset","line":543,"loc":{"start":{"line":543,"column":2},"end":{"line":568,"column":2}}}},"statementMap":{"1":{"start":{"line":104,"column":4},"end":{"line":104,"column":53}},"2":{"start":{"line":112,"column":4},"end":{"line":112,"column":49}},"3":{"start":{"line":120,"column":4},"end":{"line":120,"column":28}},"4":{"start":{"line":121,"column":4},"end":{"line":121,"column":40}},"5":{"start":{"line":129,"column":4},"end":{"line":129,"column":30}},"6":{"start":{"line":130,"column":4},"end":{"line":130,"column":42}},"7":{"start":{"line":138,"column":4},"end":{"line":138,"column":54}},"8":{"start":{"line":170,"column":4},"end":{"line":170,"column":27}},"9":{"start":{"line":171,"column":4},"end":{"line":171,"column":41}},"10":{"start":{"line":172,"column":4},"end":{"line":172,"column":28}},"11":{"start":{"line":173,"column":4},"end":{"line":173,"column":19}},"12":{"start":{"line":174,"column":4},"end":{"line":174,"column":28}},"13":{"start":{"line":176,"column":4},"end":{"line":176,"column":17}},"14":{"start":{"line":177,"column":4},"end":{"line":177,"column":31}},"15":{"start":{"line":178,"column":4},"end":{"line":178,"column":15}},"16":{"start":{"line":181,"column":4},"end":{"line":181,"column":5857}},"17":{"start":{"line":183,"column":6},"end":{"line":183,"column":5985}},"18":{"start":{"line":184,"column":8},"end":{"line":184,"column":63}},"19":{"start":{"line":186,"column":6},"end":{"line":186,"column":30}},"20":{"start":{"line":189,"column":4},"end":{"line":189,"column":30}},"21":{"start":{"line":191,"column":4},"end":{"line":191,"column":47}},"22":{"start":{"line":199,"column":4},"end":{"line":199,"column":13}},"23":{"start":{"line":200,"column":4},"end":{"line":200,"column":24}},"24":{"start":{"line":207,"column":4},"end":{"line":207,"column":33}},"25":{"start":{"line":216,"column":4},"end":{"line":216,"column":69}},"26":{"start":{"line":225,"column":4},"end":{"line":225,"column":46}},"27":{"start":{"line":234,"column":4},"end":{"line":234,"column":69}},"28":{"start":{"line":235,"column":4},"end":{"line":235,"column":20}},"29":{"start":{"line":246,"column":4},"end":{"line":246,"column":69}},"30":{"start":{"line":247,"column":4},"end":{"line":247,"column":53}},"31":{"start":{"line":248,"column":4},"end":{"line":248,"column":58}},"32":{"start":{"line":249,"column":4},"end":{"line":249,"column":8648}},"33":{"start":{"line":252,"column":4},"end":{"line":252,"column":47}},"34":{"start":{"line":263,"column":4},"end":{"line":263,"column":43}},"35":{"start":{"line":264,"column":4},"end":{"line":264,"column":78}},"36":{"start":{"line":266,"column":4},"end":{"line":266,"column":55}},"37":{"start":{"line":268,"column":4},"end":{"line":268,"column":104}},"38":{"start":{"line":271,"column":4},"end":{"line":271,"column":57}},"39":{"start":{"line":282,"column":4},"end":{"line":282,"column":54}},"40":{"start":{"line":283,"column":4},"end":{"line":283,"column":57}},"41":{"start":{"line":294,"column":4},"end":{"line":294,"column":29}},"42":{"start":{"line":295,"column":4},"end":{"line":295,"column":115}},"43":{"start":{"line":296,"column":4},"end":{"line":296,"column":93}},"44":{"start":{"line":306,"column":4},"end":{"line":306,"column":55}},"45":{"start":{"line":307,"column":4},"end":{"line":307,"column":57}},"46":{"start":{"line":322,"column":4},"end":{"line":322,"column":22}},"47":{"start":{"line":324,"column":4},"end":{"line":324,"column":17}},"48":{"start":{"line":327,"column":4},"end":{"line":327,"column":27}},"49":{"start":{"line":329,"column":4},"end":{"line":329,"column":23}},"50":{"start":{"line":330,"column":4},"end":{"line":330,"column":47}},"51":{"start":{"line":337,"column":4},"end":{"line":337,"column":76}},"52":{"start":{"line":339,"column":4},"end":{"line":339,"column":41}},"53":{"start":{"line":341,"column":4},"end":{"line":341,"column":38}},"54":{"start":{"line":348,"column":4},"end":{"line":348,"column":27}},"55":{"start":{"line":349,"column":4},"end":{"line":349,"column":31}},"56":{"start":{"line":350,"column":4},"end":{"line":350,"column":43}},"57":{"start":{"line":357,"column":4},"end":{"line":357,"column":55}},"58":{"start":{"line":358,"column":4},"end":{"line":358,"column":27}},"59":{"start":{"line":359,"column":4},"end":{"line":359,"column":39}},"60":{"start":{"line":370,"column":4},"end":{"line":370,"column":48}},"61":{"start":{"line":377,"column":4},"end":{"line":377,"column":67}},"62":{"start":{"line":384,"column":4},"end":{"line":384,"column":94}},"63":{"start":{"line":392,"column":4},"end":{"line":392,"column":20}},"64":{"start":{"line":393,"column":4},"end":{"line":393,"column":14660}},"65":{"start":{"line":394,"column":6},"end":{"line":394,"column":56}},"66":{"start":{"line":396,"column":4},"end":{"line":396,"column":15}},"67":{"start":{"line":404,"column":4},"end":{"line":404,"column":59}},"68":{"start":{"line":405,"column":4},"end":{"line":405,"column":53}},"69":{"start":{"line":406,"column":4},"end":{"line":406,"column":58}},"70":{"start":{"line":407,"column":4},"end":{"line":407,"column":66}},"71":{"start":{"line":409,"column":4},"end":{"line":409,"column":72}},"72":{"start":{"line":411,"column":4},"end":{"line":411,"column":44}},"73":{"start":{"line":413,"column":4},"end":{"line":413,"column":27}},"74":{"start":{"line":420,"column":4},"end":{"line":420,"column":15567}},"75":{"start":{"line":422,"column":6},"end":{"line":422,"column":40}},"76":{"start":{"line":425,"column":6},"end":{"line":425,"column":65}},"77":{"start":{"line":426,"column":6},"end":{"line":426,"column":101}},"78":{"start":{"line":426,"column":29},"end":{"line":426,"column":100}},"79":{"start":{"line":435,"column":4},"end":{"line":435,"column":46}},"80":{"start":{"line":437,"column":4},"end":{"line":437,"column":44}},"81":{"start":{"line":440,"column":4},"end":{"line":440,"column":25}},"82":{"start":{"line":441,"column":4},"end":{"line":441,"column":16412}},"83":{"start":{"line":442,"column":6},"end":{"line":442,"column":55}},"84":{"start":{"line":443,"column":6},"end":{"line":443,"column":64}},"85":{"start":{"line":445,"column":6},"end":{"line":445,"column":69}},"86":{"start":{"line":447,"column":6},"end":{"line":447,"column":16669}},"87":{"start":{"line":448,"column":8},"end":{"line":448,"column":56}},"88":{"start":{"line":449,"column":8},"end":{"line":449,"column":45}},"89":{"start":{"line":453,"column":4},"end":{"line":453,"column":61}},"90":{"start":{"line":461,"column":4},"end":{"line":461,"column":43}},"91":{"start":{"line":463,"column":4},"end":{"line":463,"column":76}},"92":{"start":{"line":464,"column":4},"end":{"line":464,"column":99}},"93":{"start":{"line":467,"column":4},"end":{"line":467,"column":56}},"94":{"start":{"line":469,"column":4},"end":{"line":469,"column":64}},"95":{"start":{"line":471,"column":4},"end":{"line":471,"column":67}},"96":{"start":{"line":473,"column":4},"end":{"line":473,"column":25}},"97":{"start":{"line":481,"column":4},"end":{"line":481,"column":63}},"98":{"start":{"line":483,"column":4},"end":{"line":483,"column":28}},"99":{"start":{"line":485,"column":4},"end":{"line":485,"column":53}},"100":{"start":{"line":487,"column":4},"end":{"line":487,"column":25}},"101":{"start":{"line":496,"column":4},"end":{"line":496,"column":82}},"102":{"start":{"line":498,"column":4},"end":{"line":498,"column":97}},"103":{"start":{"line":499,"column":4},"end":{"line":499,"column":17}},"104":{"start":{"line":506,"column":4},"end":{"line":506,"column":43}},"105":{"start":{"line":507,"column":4},"end":{"line":507,"column":66}},"106":{"start":{"line":515,"column":4},"end":{"line":515,"column":42}},"107":{"start":{"line":516,"column":4},"end":{"line":516,"column":18}},"108":{"start":{"line":518,"column":4},"end":{"line":518,"column":96}},"109":{"start":{"line":518,"column":47},"end":{"line":518,"column":95}},"110":{"start":{"line":520,"column":4},"end":{"line":520,"column":74}},"111":{"start":{"line":522,"column":4},"end":{"line":522,"column":19419}},"112":{"start":{"line":528,"column":4},"end":{"line":528,"column":56}},"113":{"start":{"line":529,"column":4},"end":{"line":529,"column":44}},"114":{"start":{"line":529,"column":27},"end":{"line":529,"column":43}},"115":{"start":{"line":531,"column":4},"end":{"line":531,"column":33}},"116":{"start":{"line":533,"column":4},"end":{"line":533,"column":49}},"117":{"start":{"line":544,"column":4},"end":{"line":544,"column":46}},"118":{"start":{"line":545,"column":4},"end":{"line":545,"column":45}},"119":{"start":{"line":546,"column":4},"end":{"line":546,"column":64}},"120":{"start":{"line":548,"column":4},"end":{"line":548,"column":61}},"121":{"start":{"line":551,"column":4},"end":{"line":551,"column":39}},"122":{"start":{"line":552,"column":4},"end":{"line":552,"column":40}},"123":{"start":{"line":558,"column":4},"end":{"line":558,"column":80}},"124":{"start":{"line":559,"column":4},"end":{"line":559,"column":68}},"125":{"start":{"line":565,"column":4},"end":{"line":565,"column":76}},"126":{"start":{"line":566,"column":4},"end":{"line":566,"column":37}},"127":{"start":{"line":567,"column":4},"end":{"line":567,"column":21}}},"branchMap":{"1":{"line":104,"type":"if","locations":[{"start":{"line":104,"column":4},"end":{"line":104,"column":4}},{"start":{"line":104,"column":4},"end":{"line":104,"column":4}}]},"2":{"line":112,"type":"if","locations":[{"start":{"line":112,"column":4},"end":{"line":112,"column":4}},{"start":{"line":112,"column":4},"end":{"line":112,"column":4}}]},"3":{"line":138,"type":"if","locations":[{"start":{"line":138,"column":4},"end":{"line":138,"column":4}},{"start":{"line":138,"column":4},"end":{"line":138,"column":4}}]},"4":{"line":184,"type":"if","locations":[{"start":{"line":184,"column":8},"end":{"line":184,"column":8}},{"start":{"line":184,"column":8},"end":{"line":184,"column":8}}]},"5":{"line":248,"type":"if","locations":[{"start":{"line":248,"column":4},"end":{"line":248,"column":4}},{"start":{"line":248,"column":4},"end":{"line":248,"column":4}}]},"6":{"line":263,"type":"if","locations":[{"start":{"line":263,"column":4},"end":{"line":263,"column":4}},{"start":{"line":263,"column":4},"end":{"line":263,"column":4}}]},"7":{"line":337,"type":"if","locations":[{"start":{"line":337,"column":4},"end":{"line":337,"column":4}},{"start":{"line":337,"column":4},"end":{"line":337,"column":4}}]},"8":{"line":357,"type":"if","locations":[{"start":{"line":357,"column":4},"end":{"line":357,"column":4}},{"start":{"line":357,"column":4},"end":{"line":357,"column":4}}]},"9":{"line":406,"type":"if","locations":[{"start":{"line":406,"column":4},"end":{"line":406,"column":4}},{"start":{"line":406,"column":4},"end":{"line":406,"column":4}}]},"10":{"line":426,"type":"if","locations":[{"start":{"line":426,"column":6},"end":{"line":426,"column":6}},{"start":{"line":426,"column":6},"end":{"line":426,"column":6}}]},"11":{"line":443,"type":"if","locations":[{"start":{"line":443,"column":6},"end":{"line":443,"column":6}},{"start":{"line":443,"column":6},"end":{"line":443,"column":6}}]},"12":{"line":447,"type":"if","locations":[{"start":{"line":447,"column":6},"end":{"line":447,"column":6}},{"start":{"line":447,"column":6},"end":{"line":447,"column":6}}]},"13":{"line":453,"type":"if","locations":[{"start":{"line":453,"column":4},"end":{"line":453,"column":4}},{"start":{"line":453,"column":4},"end":{"line":453,"column":4}}]},"14":{"line":461,"type":"if","locations":[{"start":{"line":461,"column":4},"end":{"line":461,"column":4}},{"start":{"line":461,"column":4},"end":{"line":461,"column":4}}]},"15":{"line":518,"type":"if","locations":[{"start":{"line":518,"column":4},"end":{"line":518,"column":4}},{"start":{"line":518,"column":4},"end":{"line":518,"column":4}}]},"16":{"line":529,"type":"if","locations":[{"start":{"line":529,"column":4},"end":{"line":529,"column":4}},{"start":{"line":529,"column":4},"end":{"line":529,"column":4}}]}}},
"contracts/example-actions/CTokenTreasury.sol":{"l":{"34":0,"35":0,"37":0,"41":0,"43":0,"51":0,"58":0,"60":0,"64":0,"68":0,"76":0},"path":"/Users/aparnakrishnan/Desktop/Opyn/perp-vault-templates/contracts/example-actions/CTokenTreasury.sol","s":{"1":0,"2":0,"3":0,"4":0,"5":0,"6":0,"7":0,"8":0,"9":0,"10":0},"b":{"1":[0,0]},"f":{"1":0,"2":0,"3":0,"4":0,"5":0},"fnMap":{"1":{"name":"constructor","line":33,"loc":{"start":{"line":33,"column":2},"end":{"line":38,"column":2}}},"2":{"name":"onlyVault","line":40,"loc":{"start":{"line":40,"column":2},"end":{"line":44,"column":2}}},"3":{"name":"currentValue","line":50,"loc":{"start":{"line":50,"column":2},"end":{"line":52,"column":2}}},"4":{"name":"closePosition","line":57,"loc":{"start":{"line":57,"column":2},"end":{"line":69,"column":2}}},"5":{"name":"rolloverPosition","line":74,"loc":{"start":{"line":74,"column":2},"end":{"line":77,"column":2}}}},"statementMap":{"1":{"start":{"line":34,"column":4},"end":{"line":34,"column":17}},"2":{"start":{"line":35,"column":4},"end":{"line":35,"column":17}},"3":{"start":{"line":37,"column":4},"end":{"line":37,"column":50}},"4":{"start":{"line":41,"column":4},"end":{"line":41,"column":41}},"5":{"start":{"line":51,"column":4},"end":{"line":51,"column":49}},"6":{"start":{"line":58,"column":4},"end":{"line":58,"column":60}},"7":{"start":{"line":60,"column":4},"end":{"line":60,"column":62}},"8":{"start":{"line":64,"column":4},"end":{"line":64,"column":95}},"9":{"start":{"line":68,"column":4},"end":{"line":68,"column":54}},"10":{"start":{"line":76,"column":4},"end":{"line":76,"column":64}}},"branchMap":{"1":{"line":41,"type":"if","locations":[{"start":{"line":41,"column":4},"end":{"line":41,"column":4}},{"start":{"line":41,"column":4},"end":{"line":41,"column":4}}]}}},
"contracts/example-actions/LongOToken.sol":{"l":{"50":3,"51":3,"54":3,"56":3,"58":3,"61":3,"62":3,"63":3,"65":3,"66":3,"70":6,"72":4,"80":1,"88":1,"89":1,"90":1,"91":1,"95":1,"102":3,"103":1,"111":1,"112":1,"115":0,"133":1,"156":1,"163":3,"164":3,"165":2,"167":1,"179":3,"180":2,"181":1,"193":3,"194":2,"195":1,"208":2,"209":2,"213":1,"228":2,"229":2,"230":2,"232":0,"243":1},"path":"/Users/aparnakrishnan/Desktop/Opyn/perp-vault-templates/contracts/example-actions/LongOToken.sol","s":{"1":3,"2":3,"3":3,"4":3,"5":3,"6":3,"7":3,"8":3,"9":3,"10":3,"11":6,"12":1,"13":1,"14":1,"15":1,"16":1,"17":1,"18":3,"19":1,"20":1,"21":1,"22":0,"23":1,"24":1,"25":3,"26":3,"27":2,"28":1,"29":3,"30":2,"31":1,"32":3,"33":2,"34":1,"35":2,"36":2,"37":1,"38":2,"39":2,"40":2,"41":0,"42":1},"b":{"1":[4,2],"2":[1,0],"3":[1,0],"4":[1,0],"5":[3,0],"6":[2,1],"7":[1,1],"8":[2,1],"9":[1,1],"10":[2,1],"11":[1,1],"12":[1,1],"13":[1,0],"14":[2,0]},"f":{"1":3,"2":6,"3":1,"4":1,"5":3,"6":1,"7":1,"8":1,"9":3,"10":3,"11":3,"12":2,"13":2,"14":1},"fnMap":{"1":{"name":"constructor","line":42,"loc":{"start":{"line":42,"column":2},"end":{"line":67,"column":2}}},"2":{"name":"onlyVault","line":69,"loc":{"start":{"line":69,"column":2},"end":{"line":73,"column":2}}},"3":{"name":"currentValue","line":79,"loc":{"start":{"line":79,"column":2},"end":{"line":82,"column":2}}},"4":{"name":"closePosition","line":87,"loc":{"start":{"line":87,"column":2},"end":{"line":96,"column":2}}},"5":{"name":"rolloverPosition","line":101,"loc":{"start":{"line":101,"column":2},"end":{"line":104,"column":2}}},"6":{"name":"canClosePosition","line":110,"loc":{"start":{"line":110,"column":2},"end":{"line":116,"column":2}}},"7":{"name":"startAuction","line":132,"loc":{"start":{"line":124,"column":2},"end":{"line":144,"column":2}}},"8":{"name":"bidInAuction","line":155,"loc":{"start":{"line":149,"column":2},"end":{"line":157,"column":2}}},"9":{"name":"tradeAirswapOTC","line":162,"loc":{"start":{"line":162,"column":2},"end":{"line":168,"column":2}}},"10":{"name":"trade0xLimit","line":177,"loc":{"start":{"line":173,"column":2},"end":{"line":182,"column":2}}},"11":{"name":"trade0xRFQ","line":191,"loc":{"start":{"line":187,"column":2},"end":{"line":196,"column":2}}},"12":{"name":"_customOTokenCheck","line":207,"loc":{"start":{"line":207,"column":2},"end":{"line":215,"column":2}}},"13":{"name":"_isValidStrike","line":221,"loc":{"start":{"line":221,"column":2},"end":{"line":234,"column":2}}},"14":{"name":"_isValidExpiry","line":240,"loc":{"start":{"line":240,"column":2},"end":{"line":244,"column":2}}}},"statementMap":{"1":{"start":{"line":50,"column":4},"end":{"line":50,"column":17}},"2":{"start":{"line":51,"column":4},"end":{"line":51,"column":17}},"3":{"start":{"line":54,"column":4},"end":{"line":54,"column":50}},"4":{"start":{"line":56,"column":4},"end":{"line":56,"column":30}},"5":{"start":{"line":58,"column":4},"end":{"line":58,"column":40}},"6":{"start":{"line":61,"column":4},"end":{"line":61,"column":29}},"7":{"start":{"line":62,"column":4},"end":{"line":62,"column":30}},"8":{"start":{"line":63,"column":4},"end":{"line":63,"column":26}},"9":{"start":{"line":65,"column":4},"end":{"line":65,"column":44}},"10":{"start":{"line":66,"column":4},"end":{"line":66,"column":19}},"11":{"start":{"line":70,"column":4},"end":{"line":70,"column":41}},"12":{"start":{"line":80,"column":4},"end":{"line":80,"column":49}},"13":{"start":{"line":88,"column":4},"end":{"line":88,"column":55}},"14":{"start":{"line":89,"column":4},"end":{"line":89,"column":2783}},"15":{"start":{"line":90,"column":6},"end":{"line":90,"column":62}},"16":{"start":{"line":91,"column":6},"end":{"line":91,"column":35}},"17":{"start":{"line":95,"column":4},"end":{"line":95,"column":19}},"18":{"start":{"line":102,"column":4},"end":{"line":102,"column":35}},"19":{"start":{"line":103,"column":4},"end":{"line":103,"column":33}},"20":{"start":{"line":111,"column":4},"end":{"line":111,"column":3561}},"21":{"start":{"line":112,"column":6},"end":{"line":112,"column":51}},"22":{"start":{"line":115,"column":4},"end":{"line":115,"column":50}},"23":{"start":{"line":133,"column":4},"end":{"line":133,"column":4186}},"24":{"start":{"line":156,"column":4},"end":{"line":156,"column":110}},"25":{"start":{"line":163,"column":4},"end":{"line":163,"column":60}},"26":{"start":{"line":164,"column":4},"end":{"line":164,"column":67}},"27":{"start":{"line":165,"column":4},"end":{"line":165,"column":64}},"28":{"start":{"line":167,"column":4},"end":{"line":167,"column":28}},"29":{"start":{"line":179,"column":4},"end":{"line":179,"column":62}},"30":{"start":{"line":180,"column":4},"end":{"line":180,"column":65}},"31":{"start":{"line":181,"column":4},"end":{"line":181,"column":61}},"32":{"start":{"line":193,"column":4},"end":{"line":193,"column":62}},"33":{"start":{"line":194,"column":4},"end":{"line":194,"column":65}},"34":{"start":{"line":195,"column":4},"end":{"line":195,"column":59}},"35":{"start":{"line":208,"column":4},"end":{"line":208,"column":48}},"36":{"start":{"line":209,"column":4},"end":{"line":209,"column":6694}},"37":{"start":{"line":213,"column":4},"end":{"line":213,"column":77}},"38":{"start":{"line":228,"column":4},"end":{"line":228,"column":52}},"39":{"start":{"line":229,"column":4},"end":{"line":229,"column":7468}},"40":{"start":{"line":230,"column":6},"end":{"line":230,"column":57}},"41":{"start":{"line":232,"column":6},"end":{"line":232,"column":58}},"42":{"start":{"line":243,"column":4},"end":{"line":243,"column":51}}},"branchMap":{"1":{"line":70,"type":"if","locations":[{"start":{"line":70,"column":4},"end":{"line":70,"column":4}},{"start":{"line":70,"column":4},"end":{"line":70,"column":4}}]},"2":{"line":88,"type":"if","locations":[{"start":{"line":88,"column":4},"end":{"line":88,"column":4}},{"start":{"line":88,"column":4},"end":{"line":88,"column":4}}]},"3":{"line":89,"type":"if","locations":[{"start":{"line":89,"column":4},"end":{"line":89,"column":4}},{"start":{"line":89,"column":4},"end":{"line":89,"column":4}}]},"4":{"line":111,"type":"if","locations":[{"start":{"line":111,"column":4},"end":{"line":111,"column":4}},{"start":{"line":111,"column":4},"end":{"line":111,"column":4}}]},"5":{"line":163,"type":"if","locations":[{"start":{"line":163,"column":4},"end":{"line":163,"column":4}},{"start":{"line":163,"column":4},"end":{"line":163,"column":4}}]},"6":{"line":164,"type":"if","locations":[{"start":{"line":164,"column":4},"end":{"line":164,"column":4}},{"start":{"line":164,"column":4},"end":{"line":164,"column":4}}]},"7":{"line":165,"type":"if","locations":[{"start":{"line":165,"column":4},"end":{"line":165,"column":4}},{"start":{"line":165,"column":4},"end":{"line":165,"column":4}}]},"8":{"line":179,"type":"if","locations":[{"start":{"line":179,"column":4},"end":{"line":179,"column":4}},{"start":{"line":179,"column":4},"end":{"line":179,"column":4}}]},"9":{"line":180,"type":"if","locations":[{"start":{"line":180,"column":4},"end":{"line":180,"column":4}},{"start":{"line":180,"column":4},"end":{"line":180,"column":4}}]},"10":{"line":193,"type":"if","locations":[{"start":{"line":193,"column":4},"end":{"line":193,"column":4}},{"start":{"line":193,"column":4},"end":{"line":193,"column":4}}]},"11":{"line":194,"type":"if","locations":[{"start":{"line":194,"column":4},"end":{"line":194,"column":4}},{"start":{"line":194,"column":4},"end":{"line":194,"column":4}}]},"12":{"line":209,"type":"if","locations":[{"start":{"line":209,"column":4},"end":{"line":209,"column":4}},{"start":{"line":209,"column":4},"end":{"line":209,"column":4}}]},"13":{"line":213,"type":"if","locations":[{"start":{"line":213,"column":4},"end":{"line":213,"column":4}},{"start":{"line":213,"column":4},"end":{"line":213,"column":4}}]},"14":{"line":229,"type":"if","locations":[{"start":{"line":229,"column":4},"end":{"line":229,"column":4}},{"start":{"line":229,"column":4},"end":{"line":229,"column":4}}]}}},
"contracts/example-actions/LongOTokenWithCToken.sol":{"l":{"60":0,"61":0,"62":0,"64":0,"66":0,"69":0,"71":0,"73":0,"75":0,"78":0,"80":0,"81":0,"83":0,"87":0,"89":0,"96":0,"104":0,"107":0,"109":0,"110":0,"112":0,"114":0,"117":0,"122":0,"129":0,"130":0,"132":0,"133":0,"136":0,"137":0,"139":0,"140":0,"142":0,"145":0,"148":0,"156":0,"157":0,"160":0,"167":0,"168":0,"169":0,"171":0,"173":0,"175":0,"177":0,"187":0,"188":0,"189":0,"190":0,"209":0,"210":0,"211":0,"213":0,"224":0},"path":"/Users/aparnakrishnan/Desktop/Opyn/perp-vault-templates/contracts/example-actions/LongOTokenWithCToken.sol","s":{"1":0,"2":0,"3":0,"4":0,"5":0,"6":0,"7":0,"8":0,"9":0,"10":0,"11":0,"12":0,"13":0,"14":0,"15":0,"16":0,"17":0,"18":0,"19":0,"20":0,"21":0,"22":0,"23":0,"24":0,"25":0,"26":0,"27":0,"28":0,"29":0,"30":0,"31":0,"32":0,"33":0,"34":0,"35":0,"36":0,"37":0,"38":0,"39":0,"40":0,"41":0,"42":0,"43":0,"44":0,"45":0,"46":0,"47":0,"48":0,"49":0,"50":0,"51":0,"52":0,"53":0,"54":0},"b":{"1":[0,0],"2":[0,0],"3":[0,0],"4":[0,0],"5":[0,0],"6":[0,0],"7":[0,0],"8":[0,0],"9":[0,0],"10":[0,0],"11":[0,0],"12":[0,0],"13":[0,0]},"f":{"1":0,"2":0,"3":0,"4":0,"5":0,"6":0,"7":0,"8":0,"9":0,"10":0},"fnMap":{"1":{"name":"constructor","line":51,"loc":{"start":{"line":51,"column":2},"end":{"line":84,"column":2}}},"2":{"name":"onlyVault","line":86,"loc":{"start":{"line":86,"column":2},"end":{"line":90,"column":2}}},"3":{"name":"currentValue","line":95,"loc":{"start":{"line":95,"column":2},"end":{"line":98,"column":2}}},"4":{"name":"closePosition","line":103,"loc":{"start":{"line":103,"column":2},"end":{"line":123,"column":2}}},"5":{"name":"rolloverPosition","line":128,"loc":{"start":{"line":128,"column":2},"end":{"line":149,"column":2}}},"6":{"name":"canClosePosition","line":155,"loc":{"start":{"line":155,"column":2},"end":{"line":161,"column":2}}},"7":{"name":"tradeAirswapOTC","line":166,"loc":{"start":{"line":166,"column":2},"end":{"line":178,"column":2}}},"8":{"name":"_customOTokenCheck","line":186,"loc":{"start":{"line":186,"column":2},"end":{"line":196,"column":2}}},"9":{"name":"_isValidStrike","line":202,"loc":{"start":{"line":202,"column":2},"end":{"line":215,"column":2}}},"10":{"name":"_isValidExpiry","line":221,"loc":{"start":{"line":221,"column":2},"end":{"line":225,"column":2}}}},"statementMap":{"1":{"start":{"line":60,"column":4},"end":{"line":60,"column":17}},"2":{"start":{"line":61,"column":4},"end":{"line":61,"column":19}},"3":{"start":{"line":62,"column":4},"end":{"line":62,"column":27}},"4":{"start":{"line":64,"column":4},"end":{"line":64,"column":40}},"5":{"start":{"line":66,"column":4},"end":{"line":66,"column":62}},"6":{"start":{"line":69,"column":4},"end":{"line":69,"column":59}},"7":{"start":{"line":71,"column":4},"end":{"line":71,"column":64}},"8":{"start":{"line":73,"column":4},"end":{"line":73,"column":30}},"9":{"start":{"line":75,"column":4},"end":{"line":75,"column":40}},"10":{"start":{"line":78,"column":4},"end":{"line":78,"column":30}},"11":{"start":{"line":80,"column":4},"end":{"line":80,"column":44}},"12":{"start":{"line":81,"column":4},"end":{"line":81,"column":19}},"13":{"start":{"line":83,"column":4},"end":{"line":83,"column":17}},"14":{"start":{"line":87,"column":4},"end":{"line":87,"column":41}},"15":{"start":{"line":96,"column":4},"end":{"line":96,"column":58}},"16":{"start":{"line":104,"column":4},"end":{"line":104,"column":55}},"17":{"start":{"line":107,"column":4},"end":{"line":107,"column":36}},"18":{"start":{"line":107,"column":30},"end":{"line":107,"column":36}},"19":{"start":{"line":109,"column":4},"end":{"line":109,"column":68}},"20":{"start":{"line":110,"column":4},"end":{"line":110,"column":33}},"21":{"start":{"line":112,"column":4},"end":{"line":112,"column":3293}},"22":{"start":{"line":114,"column":6},"end":{"line":114,"column":79}},"23":{"start":{"line":117,"column":6},"end":{"line":117,"column":38}},"24":{"start":{"line":122,"column":4},"end":{"line":122,"column":19}},"25":{"start":{"line":129,"column":4},"end":{"line":129,"column":35}},"26":{"start":{"line":130,"column":4},"end":{"line":130,"column":33}},"27":{"start":{"line":132,"column":4},"end":{"line":132,"column":67}},"28":{"start":{"line":133,"column":4},"end":{"line":133,"column":69}},"29":{"start":{"line":136,"column":4},"end":{"line":136,"column":73}},"30":{"start":{"line":137,"column":4},"end":{"line":137,"column":63}},"31":{"start":{"line":139,"column":4},"end":{"line":139,"column":20}},"32":{"start":{"line":140,"column":4},"end":{"line":140,"column":4161}},"33":{"start":{"line":142,"column":6},"end":{"line":142,"column":36}},"34":{"start":{"line":145,"column":6},"end":{"line":145,"column":89}},"35":{"start":{"line":148,"column":4},"end":{"line":148,"column":50}},"36":{"start":{"line":156,"column":4},"end":{"line":156,"column":4793}},"37":{"start":{"line":157,"column":6},"end":{"line":157,"column":51}},"38":{"start":{"line":160,"column":4},"end":{"line":160,"column":50}},"39":{"start":{"line":167,"column":4},"end":{"line":167,"column":60}},"40":{"start":{"line":168,"column":4},"end":{"line":168,"column":77}},"41":{"start":{"line":169,"column":4},"end":{"line":169,"column":64}},"42":{"start":{"line":171,"column":4},"end":{"line":171,"column":64}},"43":{"start":{"line":173,"column":4},"end":{"line":173,"column":87}},"44":{"start":{"line":175,"column":4},"end":{"line":175,"column":41}},"45":{"start":{"line":177,"column":4},"end":{"line":177,"column":28}},"46":{"start":{"line":187,"column":4},"end":{"line":187,"column":48}},"47":{"start":{"line":188,"column":4},"end":{"line":188,"column":47}},"48":{"start":{"line":189,"column":4},"end":{"line":189,"column":56}},"49":{"start":{"line":190,"column":4},"end":{"line":190,"column":6186}},"50":{"start":{"line":209,"column":4},"end":{"line":209,"column":52}},"51":{"start":{"line":210,"column":4},"end":{"line":210,"column":6965}},"52":{"start":{"line":211,"column":6},"end":{"line":211,"column":57}},"53":{"start":{"line":213,"column":6},"end":{"line":213,"column":58}},"54":{"start":{"line":224,"column":4},"end":{"line":224,"column":51}}},"branchMap":{"1":{"line":87,"type":"if","locations":[{"start":{"line":87,"column":4},"end":{"line":87,"column":4}},{"start":{"line":87,"column":4},"end":{"line":87,"column":4}}]},"2":{"line":104,"type":"if","locations":[{"start":{"line":104,"column":4},"end":{"line":104,"column":4}},{"start":{"line":104,"column":4},"end":{"line":104,"column":4}}]},"3":{"line":107,"type":"if","locations":[{"start":{"line":107,"column":4},"end":{"line":107,"column":4}},{"start":{"line":107,"column":4},"end":{"line":107,"column":4}}]},"4":{"line":112,"type":"if","locations":[{"start":{"line":112,"column":4},"end":{"line":112,"column":4}},{"start":{"line":112,"column":4},"end":{"line":112,"column":4}}]},"5":{"line":140,"type":"if","locations":[{"start":{"line":140,"column":4},"end":{"line":140,"column":4}},{"start":{"line":140,"column":4},"end":{"line":140,"column":4}}]},"6":{"line":148,"type":"if","locations":[{"start":{"line":148,"column":4},"end":{"line":148,"column":4}},{"start":{"line":148,"column":4},"end":{"line":148,"column":4}}]},"7":{"line":156,"type":"if","locations":[{"start":{"line":156,"column":4},"end":{"line":156,"column":4}},{"start":{"line":156,"column":4},"end":{"line":156,"column":4}}]},"8":{"line":167,"type":"if","locations":[{"start":{"line":167,"column":4},"end":{"line":167,"column":4}},{"start":{"line":167,"column":4},"end":{"line":167,"column":4}}]},"9":{"line":168,"type":"if","locations":[{"start":{"line":168,"column":4},"end":{"line":168,"column":4}},{"start":{"line":168,"column":4},"end":{"line":168,"column":4}}]},"10":{"line":169,"type":"if","locations":[{"start":{"line":169,"column":4},"end":{"line":169,"column":4}},{"start":{"line":169,"column":4},"end":{"line":169,"column":4}}]},"11":{"line":189,"type":"if","locations":[{"start":{"line":189,"column":4},"end":{"line":189,"column":4}},{"start":{"line":189,"column":4},"end":{"line":189,"column":4}}]},"12":{"line":190,"type":"if","locations":[{"start":{"line":190,"column":4},"end":{"line":190,"column":4}},{"start":{"line":190,"column":4},"end":{"line":190,"column":4}}]},"13":{"line":210,"type":"if","locations":[{"start":{"line":210,"column":4},"end":{"line":210,"column":4}},{"start":{"line":210,"column":4},"end":{"line":210,"column":4}}]}}},
"contracts/example-actions/ShortOToken.sol":{"l":{"70":6,"71":6,"74":6,"76":6,"79":6,"81":6,"82":6,"84":6,"87":6,"88":6,"90":6,"91":6,"93":6,"97":6,"99":4,"112":1,"113":1,"123":1,"124":1,"125":1,"127":1,"128":1,"140":3,"141":1,"164":2,"165":1,"166":1,"169":2,"198":1,"199":1,"200":1,"203":1,"217":4,"218":4,"219":3,"220":2,"222":1,"225":1,"227":1,"235":1,"236":1,"238":0,"245":2,"246":2,"249":0,"258":2,"259":2,"263":1,"279":2,"280":2,"281":0,"283":2,"294":1},"path":"/Users/aparnakrishnan/Desktop/Opyn/perp-vault-templates/contracts/example-actions/ShortOToken.sol","s":{"1":6,"2":6,"3":6,"4":6,"5":6,"6":6,"7":6,"8":6,"9":6,"10":6,"11":6,"12":6,"13":6,"14":6,"15":1,"16":1,"17":1,"18":1,"19":1,"20":1,"21":1,"22":3,"23":1,"24":2,"25":1,"26":1,"27":2,"28":1,"29":1,"30":1,"31":1,"32":4,"33":4,"34":3,"35":2,"36":1,"37":1,"38":1,"39":1,"40":1,"41":0,"42":2,"43":2,"44":0,"45":2,"46":2,"47":1,"48":2,"49":2,"50":0,"51":2,"52":1},"b":{"1":[4,2],"2":[1,0],"3":[1,0],"4":[1,1],"5":[1,0],"6":[4,0],"7":[3,1],"8":[2,1],"9":[1,1],"10":[1,0],"11":[2,0],"12":[1,1],"13":[1,0],"14":[0,2]},"f":{"1":6,"2":6,"3":1,"4":1,"5":3,"6":2,"7":1,"8":4,"9":1,"10":2,"11":2,"12":2,"13":1},"fnMap":{"1":{"name":"constructor","line":62,"loc":{"start":{"line":62,"column":2},"end":{"line":94,"column":2}}},"2":{"name":"onlyVault","line":96,"loc":{"start":{"line":96,"column":2},"end":{"line":100,"column":2}}},"3":{"name":"currentValue","line":111,"loc":{"start":{"line":111,"column":2},"end":{"line":114,"column":2}}},"4":{"name":"closePosition","line":122,"loc":{"start":{"line":122,"column":2},"end":{"line":129,"column":2}}},"5":{"name":"rolloverPosition","line":139,"loc":{"start":{"line":139,"column":2},"end":{"line":142,"column":2}}},"6":{"name":"mintAndStartAuction","line":162,"loc":{"start":{"line":152,"column":2},"end":{"line":180,"column":2}}},"7":{"name":"mintAndBidInAuction","line":196,"loc":{"start":{"line":188,"column":2},"end":{"line":204,"column":2}}},"8":{"name":"mintAndTradeAirSwapOTC","line":216,"loc":{"start":{"line":212,"column":2},"end":{"line":228,"column":2}}},"9":{"name":"canClosePosition","line":234,"loc":{"start":{"line":234,"column":2},"end":{"line":239,"column":2}}},"10":{"name":"_canSettleVault","line":244,"loc":{"start":{"line":244,"column":2},"end":{"line":250,"column":2}}},"11":{"name":"_customOTokenCheck","line":257,"loc":{"start":{"line":257,"column":2},"end":{"line":266,"column":2}}},"12":{"name":"_isValidStrike","line":272,"loc":{"start":{"line":272,"column":2},"end":{"line":285,"column":2}}},"13":{"name":"_isValidExpiry","line":291,"loc":{"start":{"line":291,"column":2},"end":{"line":295,"column":2}}}},"statementMap":{"1":{"start":{"line":70,"column":4},"end":{"line":70,"column":17}},"2":{"start":{"line":71,"column":4},"end":{"line":71,"column":17}},"3":{"start":{"line":74,"column":4},"end":{"line":74,"column":50}},"4":{"start":{"line":76,"column":4},"end":{"line":76,"column":30}},"5":{"start":{"line":79,"column":4},"end":{"line":79,"column":36}},"6":{"start":{"line":81,"column":4},"end":{"line":81,"column":40}},"7":{"start":{"line":82,"column":4},"end":{"line":82,"column":46}},"8":{"start":{"line":84,"column":4},"end":{"line":84,"column":48}},"9":{"start":{"line":87,"column":4},"end":{"line":87,"column":29}},"10":{"start":{"line":88,"column":4},"end":{"line":88,"column":30}},"11":{"start":{"line":90,"column":4},"end":{"line":90,"column":31}},"12":{"start":{"line":91,"column":4},"end":{"line":91,"column":19}},"13":{"start":{"line":93,"column":4},"end":{"line":93,"column":30}},"14":{"start":{"line":97,"column":4},"end":{"line":97,"column":41}},"15":{"start":{"line":112,"column":4},"end":{"line":112,"column":65}},"16":{"start":{"line":113,"column":4},"end":{"line":113,"column":40}},"17":{"start":{"line":123,"column":4},"end":{"line":123,"column":55}},"18":{"start":{"line":124,"column":4},"end":{"line":124,"column":4476}},"19":{"start":{"line":125,"column":6},"end":{"line":125,"column":24}},"20":{"start":{"line":127,"column":4},"end":{"line":127,"column":19}},"21":{"start":{"line":128,"column":4},"end":{"line":128,"column":18}},"22":{"start":{"line":140,"column":4},"end":{"line":140,"column":35}},"23":{"start":{"line":141,"column":4},"end":{"line":141,"column":33}},"24":{"start":{"line":164,"column":4},"end":{"line":164,"column":6592}},"25":{"start":{"line":165,"column":6},"end":{"line":165,"column":53}},"26":{"start":{"line":166,"column":6},"end":{"line":166,"column":66}},"27":{"start":{"line":169,"column":4},"end":{"line":169,"column":6778}},"28":{"start":{"line":198,"column":4},"end":{"line":198,"column":7799}},"29":{"start":{"line":199,"column":6},"end":{"line":199,"column":53}},"30":{"start":{"line":200,"column":6},"end":{"line":200,"column":66}},"31":{"start":{"line":203,"column":4},"end":{"line":203,"column":110}},"32":{"start":{"line":217,"column":4},"end":{"line":217,"column":60}},"33":{"start":{"line":218,"column":4},"end":{"line":218,"column":65}},"34":{"start":{"line":219,"column":4},"end":{"line":219,"column":67}},"35":{"start":{"line":220,"column":4},"end":{"line":220,"column":111}},"36":{"start":{"line":222,"column":4},"end":{"line":222,"column":51}},"37":{"start":{"line":225,"column":4},"end":{"line":225,"column":64}},"38":{"start":{"line":227,"column":4},"end":{"line":227,"column":28}},"39":{"start":{"line":235,"column":4},"end":{"line":235,"column":9468}},"40":{"start":{"line":236,"column":6},"end":{"line":236,"column":30}},"41":{"start":{"line":238,"column":4},"end":{"line":238,"column":50}},"42":{"start":{"line":245,"column":4},"end":{"line":245,"column":9743}},"43":{"start":{"line":246,"column":6},"end":{"line":246,"column":51}},"44":{"start":{"line":249,"column":4},"end":{"line":249,"column":16}},"45":{"start":{"line":258,"column":4},"end":{"line":258,"column":48}},"46":{"start":{"line":259,"column":4},"end":{"line":259,"column":10242}},"47":{"start":{"line":263,"column":4},"end":{"line":263,"column":77}},"48":{"start":{"line":279,"column":4},"end":{"line":279,"column":52}},"49":{"start":{"line":280,"column":4},"end":{"line":280,"column":11111}},"50":{"start":{"line":281,"column":6},"end":{"line":281,"column":57}},"51":{"start":{"line":283,"column":6},"end":{"line":283,"column":58}},"52":{"start":{"line":294,"column":4},"end":{"line":294,"column":51}}},"branchMap":{"1":{"line":97,"type":"if","locations":[{"start":{"line":97,"column":4},"end":{"line":97,"column":4}},{"start":{"line":97,"column":4},"end":{"line":97,"column":4}}]},"2":{"line":123,"type":"if","locations":[{"start":{"line":123,"column":4},"end":{"line":123,"column":4}},{"start":{"line":123,"column":4},"end":{"line":123,"column":4}}]},"3":{"line":124,"type":"if","locations":[{"start":{"line":124,"column":4},"end":{"line":124,"column":4}},{"start":{"line":124,"column":4},"end":{"line":124,"column":4}}]},"4":{"line":164,"type":"if","locations":[{"start":{"line":164,"column":4},"end":{"line":164,"column":4}},{"start":{"line":164,"column":4},"end":{"line":164,"column":4}}]},"5":{"line":198,"type":"if","locations":[{"start":{"line":198,"column":4},"end":{"line":198,"column":4}},{"start":{"line":198,"column":4},"end":{"line":198,"column":4}}]},"6":{"line":217,"type":"if","locations":[{"start":{"line":217,"column":4},"end":{"line":217,"column":4}},{"start":{"line":217,"column":4},"end":{"line":217,"column":4}}]},"7":{"line":218,"type":"if","locations":[{"start":{"line":218,"column":4},"end":{"line":218,"column":4}},{"start":{"line":218,"column":4},"end":{"line":218,"column":4}}]},"8":{"line":219,"type":"if","locations":[{"start":{"line":219,"column":4},"end":{"line":219,"column":4}},{"start":{"line":219,"column":4},"end":{"line":219,"column":4}}]},"9":{"line":220,"type":"if","locations":[{"start":{"line":220,"column":4},"end":{"line":220,"column":4}},{"start":{"line":220,"column":4},"end":{"line":220,"column":4}}]},"10":{"line":235,"type":"if","locations":[{"start":{"line":235,"column":4},"end":{"line":235,"column":4}},{"start":{"line":235,"column":4},"end":{"line":235,"column":4}}]},"11":{"line":245,"type":"if","locations":[{"start":{"line":245,"column":4},"end":{"line":245,"column":4}},{"start":{"line":245,"column":4},"end":{"line":245,"column":4}}]},"12":{"line":259,"type":"if","locations":[{"start":{"line":259,"column":4},"end":{"line":259,"column":4}},{"start":{"line":259,"column":4},"end":{"line":259,"column":4}}]},"13":{"line":263,"type":"if","locations":[{"start":{"line":263,"column":4},"end":{"line":263,"column":4}},{"start":{"line":263,"column":4},"end":{"line":263,"column":4}}]},"14":{"line":280,"type":"if","locations":[{"start":{"line":280,"column":4},"end":{"line":280,"column":4}},{"start":{"line":280,"column":4},"end":{"line":280,"column":4}}]}}},
"contracts/example-actions/ShortPutWithETH.sol":{"l":{"73":3,"74":3,"75":3,"76":3,"79":3,"81":3,"84":3,"86":3,"89":3,"91":3,"93":3,"95":3,"96":3,"98":3,"102":6,"104":4,"117":0,"118":0,"130":3,"131":1,"139":1,"140":1,"142":0,"156":1,"157":1,"159":1,"163":1,"164":1,"169":1,"170":1,"171":1,"175":1,"189":1,"190":1,"191":1,"194":1,"195":1,"202":2,"203":2,"206":0},"path":"/Users/aparnakrishnan/Desktop/Opyn/perp-vault-templates/contracts/example-actions/ShortPutWithETH.sol","s":{"1":3,"2":3,"3":3,"4":3,"5":3,"6":3,"7":3,"8":3,"9":3,"10":3,"11":3,"12":3,"13":3,"14":3,"15":6,"16":0,"17":0,"18":3,"19":1,"20":1,"21":1,"22":0,"23":1,"24":1,"25":1,"26":1,"27":1,"28":1,"29":1,"30":1,"31":1,"32":1,"33":1,"34":1,"35":1,"36":1,"37":2,"38":2,"39":0},"b":{"1":[4,2],"2":[1,0],"3":[1,0],"4":[1,0],"5":[2,0]},"f":{"1":3,"2":6,"3":0,"4":3,"5":1,"6":1,"7":1,"8":2},"fnMap":{"1":{"name":"constructor","line":63,"loc":{"start":{"line":63,"column":2},"end":{"line":99,"column":2}}},"2":{"name":"onlyVault","line":101,"loc":{"start":{"line":101,"column":2},"end":{"line":105,"column":2}}},"3":{"name":"currentValue","line":116,"loc":{"start":{"line":116,"column":2},"end":{"line":120,"column":2}}},"4":{"name":"rolloverPosition","line":129,"loc":{"start":{"line":129,"column":2},"end":{"line":132,"column":2}}},"5":{"name":"canClosePosition","line":138,"loc":{"start":{"line":138,"column":2},"end":{"line":143,"column":2}}},"6":{"name":"closePosition","line":155,"loc":{"start":{"line":155,"column":2},"end":{"line":176,"column":2}}},"7":{"name":"borrowMintAndTradeOTC","line":188,"loc":{"start":{"line":183,"column":2},"end":{"line":196,"column":2}}},"8":{"name":"_canSettleVault","line":201,"loc":{"start":{"line":201,"column":2},"end":{"line":207,"column":2}}}},"statementMap":{"1":{"start":{"line":73,"column":4},"end":{"line":73,"column":17}},"2":{"start":{"line":74,"column":4},"end":{"line":74,"column":17}},"3":{"start":{"line":75,"column":4},"end":{"line":75,"column":15}},"4":{"start":{"line":76,"column":4},"end":{"line":76,"column":17}},"5":{"start":{"line":79,"column":4},"end":{"line":79,"column":50}},"6":{"start":{"line":81,"column":4},"end":{"line":81,"column":30}},"7":{"start":{"line":84,"column":4},"end":{"line":84,"column":36}},"8":{"start":{"line":86,"column":4},"end":{"line":86,"column":46}},"9":{"start":{"line":89,"column":4},"end":{"line":89,"column":47}},"10":{"start":{"line":91,"column":4},"end":{"line":91,"column":30}},"11":{"start":{"line":93,"column":4},"end":{"line":93,"column":50}},"12":{"start":{"line":95,"column":4},"end":{"line":95,"column":31}},"13":{"start":{"line":96,"column":4},"end":{"line":96,"column":19}},"14":{"start":{"line":98,"column":4},"end":{"line":98,"column":21}},"15":{"start":{"line":102,"column":4},"end":{"line":102,"column":41}},"16":{"start":{"line":117,"column":4},"end":{"line":117,"column":65}},"17":{"start":{"line":118,"column":4},"end":{"line":118,"column":40}},"18":{"start":{"line":130,"column":4},"end":{"line":130,"column":35}},"19":{"start":{"line":131,"column":4},"end":{"line":131,"column":33}},"20":{"start":{"line":139,"column":4},"end":{"line":139,"column":5247}},"21":{"start":{"line":140,"column":6},"end":{"line":140,"column":30}},"22":{"start":{"line":142,"column":4},"end":{"line":142,"column":50}},"23":{"start":{"line":156,"column":4},"end":{"line":156,"column":55}},"24":{"start":{"line":157,"column":4},"end":{"line":157,"column":6231}},"25":{"start":{"line":159,"column":6},"end":{"line":159,"column":24}},"26":{"start":{"line":163,"column":6},"end":{"line":163,"column":65}},"27":{"start":{"line":164,"column":6},"end":{"line":164,"column":42}},"28":{"start":{"line":169,"column":6},"end":{"line":169,"column":90}},"29":{"start":{"line":170,"column":6},"end":{"line":170,"column":30}},"30":{"start":{"line":171,"column":6},"end":{"line":171,"column":20}},"31":{"start":{"line":175,"column":4},"end":{"line":175,"column":19}},"32":{"start":{"line":189,"column":4},"end":{"line":189,"column":33}},"33":{"start":{"line":190,"column":4},"end":{"line":190,"column":51}},"34":{"start":{"line":191,"column":4},"end":{"line":191,"column":41}},"35":{"start":{"line":194,"column":4},"end":{"line":194,"column":63}},"36":{"start":{"line":195,"column":4},"end":{"line":195,"column":28}},"37":{"start":{"line":202,"column":4},"end":{"line":202,"column":7851}},"38":{"start":{"line":203,"column":6},"end":{"line":203,"column":51}},"39":{"start":{"line":206,"column":4},"end":{"line":206,"column":16}}},"branchMap":{"1":{"line":102,"type":"if","locations":[{"start":{"line":102,"column":4},"end":{"line":102,"column":4}},{"start":{"line":102,"column":4},"end":{"line":102,"column":4}}]},"2":{"line":139,"type":"if","locations":[{"start":{"line":139,"column":4},"end":{"line":139,"column":4}},{"start":{"line":139,"column":4},"end":{"line":139,"column":4}}]},"3":{"line":156,"type":"if","locations":[{"start":{"line":156,"column":4},"end":{"line":156,"column":4}},{"start":{"line":156,"column":4},"end":{"line":156,"column":4}}]},"4":{"line":157,"type":"if","locations":[{"start":{"line":157,"column":4},"end":{"line":157,"column":4}},{"start":{"line":157,"column":4},"end":{"line":157,"column":4}}]},"5":{"line":202,"type":"if","locations":[{"start":{"line":202,"column":4},"end":{"line":202,"column":4}},{"start":{"line":202,"column":4},"end":{"line":202,"column":4}}]}}},
"contracts/libraries/SwapTypes.sol":{"l":{},"path":"/Users/aparnakrishnan/Desktop/Opyn/perp-vault-templates/contracts/libraries/SwapTypes.sol","s":{},"b":{},"f":{},"fnMap":{},"statementMap":{},"branchMap":{}},
"contracts/proxy/CTokenProxy.sol":{"l":{"28":0,"29":0,"30":0,"32":0,"33":0,"40":0,"41":0,"43":0,"44":0,"46":0,"47":0,"55":0,"56":0,"58":0,"59":0,"67":0,"70":0,"72":0,"74":0,"76":0,"77":0},"path":"/Users/aparnakrishnan/Desktop/Opyn/perp-vault-templates/contracts/proxy/CTokenProxy.sol","s":{"1":0,"2":0,"3":0,"4":0,"5":0,"6":0,"7":0,"8":0,"9":0,"10":0,"11":0,"12":0,"13":0,"14":0,"15":0,"16":0,"17":0,"18":0,"19":0,"20":0,"21":0},"b":{},"f":{"1":0,"2":0,"3":0,"4":0},"fnMap":{"1":{"name":"constructor","line":23,"loc":{"start":{"line":23,"column":2},"end":{"line":34,"column":2}}},"2":{"name":"depositUnderlying","line":39,"loc":{"start":{"line":39,"column":2},"end":{"line":48,"column":2}}},"3":{"name":"registerDepositUnderlying","line":54,"loc":{"start":{"line":54,"column":2},"end":{"line":60,"column":2}}},"4":{"name":"withdrawUnderlying","line":66,"loc":{"start":{"line":66,"column":2},"end":{"line":78,"column":2}}}},"statementMap":{"1":{"start":{"line":28,"column":4},"end":{"line":28,"column":25}},"2":{"start":{"line":29,"column":4},"end":{"line":29,"column":33}},"3":{"start":{"line":30,"column":4},"end":{"line":30,"column":35}},"4":{"start":{"line":32,"column":4},"end":{"line":32,"column":51}},"5":{"start":{"line":33,"column":4},"end":{"line":33,"column":56}},"6":{"start":{"line":40,"column":4},"end":{"line":40,"column":66}},"7":{"start":{"line":41,"column":4},"end":{"line":41,"column":23}},"8":{"start":{"line":43,"column":4},"end":{"line":43,"column":59}},"9":{"start":{"line":44,"column":4},"end":{"line":44,"column":31}},"10":{"start":{"line":46,"column":4},"end":{"line":46,"column":51}},"11":{"start":{"line":47,"column":4},"end":{"line":47,"column":41}},"12":{"start":{"line":55,"column":4},"end":{"line":55,"column":66}},"13":{"start":{"line":56,"column":4},"end":{"line":56,"column":23}},"14":{"start":{"line":58,"column":4},"end":{"line":58,"column":59}},"15":{"start":{"line":59,"column":4},"end":{"line":59,"column":51}},"16":{"start":{"line":67,"column":4},"end":{"line":67,"column":61}},"17":{"start":{"line":70,"column":4},"end":{"line":70,"column":26}},"18":{"start":{"line":72,"column":4},"end":{"line":72,"column":59}},"19":{"start":{"line":74,"column":4},"end":{"line":74,"column":31}},"20":{"start":{"line":76,"column":4},"end":{"line":76,"column":67}},"21":{"start":{"line":77,"column":4},"end":{"line":77,"column":53}}},"branchMap":{}},
"contracts/proxy/ETHProxy.sol":{"l":{"19":3,"20":3,"22":3,"29":8,"31":8,"33":5,"35":5,"43":2,"45":2,"53":2,"56":2,"58":1,"60":1,"61":1,"62":1,"69":1},"path":"/Users/aparnakrishnan/Desktop/Opyn/perp-vault-templates/contracts/proxy/ETHProxy.sol","s":{"1":3,"2":3,"3":3,"4":8,"5":8,"6":5,"7":5,"8":2,"9":2,"10":2,"11":2,"12":1,"13":1,"14":1,"15":1},"b":{"1":[1,0],"2":[1,0]},"f":{"1":3,"2":8,"3":2,"4":2},"fnMap":{"1":{"name":"constructor","line":18,"loc":{"start":{"line":18,"column":2},"end":{"line":23,"column":2}}},"2":{"name":"depositETH","line":28,"loc":{"start":{"line":28,"column":2},"end":{"line":36,"column":2}}},"3":{"name":"registerDepositETH","line":42,"loc":{"start":{"line":42,"column":2},"end":{"line":46,"column":2}}},"4":{"name":"withdrawETH","line":52,"loc":{"start":{"line":52,"column":2},"end":{"line":63,"column":2}}}},"statementMap":{"1":{"start":{"line":19,"column":4},"end":{"line":19,"column":25}},"2":{"start":{"line":20,"column":4},"end":{"line":20,"column":22}},"3":{"start":{"line":22,"column":4},"end":{"line":22,"column":49}},"4":{"start":{"line":29,"column":4},"end":{"line":29,"column":42}},"5":{"start":{"line":31,"column":4},"end":{"line":31,"column":27}},"6":{"start":{"line":33,"column":4},"end":{"line":33,"column":51}},"7":{"start":{"line":35,"column":4},"end":{"line":35,"column":41}},"8":{"start":{"line":43,"column":4},"end":{"line":43,"column":42}},"9":{"start":{"line":45,"column":4},"end":{"line":45,"column":47}},"10":{"start":{"line":53,"column":4},"end":{"line":53,"column":61}},"11":{"start":{"line":56,"column":4},"end":{"line":56,"column":26}},"12":{"start":{"line":58,"column":4},"end":{"line":58,"column":55}},"13":{"start":{"line":60,"column":4},"end":{"line":60,"column":36}},"14":{"start":{"line":61,"column":4},"end":{"line":61,"column":62}},"15":{"start":{"line":62,"column":4},"end":{"line":62,"column":42}}},"branchMap":{"1":{"line":62,"type":"if","locations":[{"start":{"line":62,"column":4},"end":{"line":62,"column":4}},{"start":{"line":62,"column":4},"end":{"line":62,"column":4}}]},"2":{"line":69,"type":"if","locations":[{"start":{"line":69,"column":4},"end":{"line":69,"column":4}},{"start":{"line":69,"column":4},"end":{"line":69,"column":4}}]}}},
"contracts/utils/AirswapUtils.sol":{"l":{"16":12,"20":3,"21":3},"path":"/Users/aparnakrishnan/Desktop/Opyn/perp-vault-templates/contracts/utils/AirswapUtils.sol","s":{"1":12,"2":3,"3":3},"b":{},"f":{"1":12,"2":3},"fnMap":{"1":{"name":"_initSwapContract","line":15,"loc":{"start":{"line":15,"column":2},"end":{"line":17,"column":2}}},"2":{"name":"_fillAirswapOrder","line":19,"loc":{"start":{"line":19,"column":2},"end":{"line":22,"column":2}}}},"statementMap":{"1":{"start":{"line":16,"column":4},"end":{"line":16,"column":28}},"2":{"start":{"line":20,"column":4},"end":{"line":20,"column":78}},"3":{"start":{"line":21,"column":4},"end":{"line":21,"column":23}}},"branchMap":{}},
"contracts/utils/AuctionUtils.sol":{"l":{"22":9,"23":6,"24":6,"42":2,"43":2,"45":2,"46":2,"47":2,"49":2,"51":2,"70":3,"72":3,"74":3},"path":"/Users/aparnakrishnan/Desktop/Opyn/perp-vault-templates/contracts/utils/AuctionUtils.sol","s":{"1":9,"2":3,"3":6,"4":6,"5":2,"6":2,"7":2,"8":2,"9":2,"10":2,"11":2,"12":3,"13":3,"14":3},"b":{"1":[3,6],"2":[2,0]},"f":{"1":9,"2":2,"3":3},"fnMap":{"1":{"name":"_initAuction","line":21,"loc":{"start":{"line":21,"column":2},"end":{"line":25,"column":2}}},"2":{"name":"_bidInAuction","line":33,"loc":{"start":{"line":33,"column":2},"end":{"line":52,"column":2}}},"3":{"name":"_startAuction","line":59,"loc":{"start":{"line":59,"column":2},"end":{"line":87,"column":2}}}},"statementMap":{"1":{"start":{"line":22,"column":4},"end":{"line":22,"column":42}},"2":{"start":{"line":22,"column":36},"end":{"line":22,"column":42}},"3":{"start":{"line":23,"column":4},"end":{"line":23,"column":39}},"4":{"start":{"line":24,"column":4},"end":{"line":24,"column":38}},"5":{"start":{"line":42,"column":4},"end":{"line":42,"column":81}},"6":{"start":{"line":43,"column":4},"end":{"line":43,"column":78}},"7":{"start":{"line":45,"column":4},"end":{"line":45,"column":25}},"8":{"start":{"line":46,"column":4},"end":{"line":46,"column":1842}},"9":{"start":{"line":47,"column":6},"end":{"line":47,"column":55}},"10":{"start":{"line":49,"column":4},"end":{"line":49,"column":69}},"11":{"start":{"line":51,"column":4},"end":{"line":51,"column":104}},"12":{"start":{"line":70,"column":4},"end":{"line":70,"column":38}},"13":{"start":{"line":72,"column":4},"end":{"line":72,"column":79}},"14":{"start":{"line":74,"column":4},"end":{"line":74,"column":2894}}},"branchMap":{"1":{"line":22,"type":"if","locations":[{"start":{"line":22,"column":4},"end":{"line":22,"column":4}},{"start":{"line":22,"column":4},"end":{"line":22,"column":4}}]},"2":{"line":43,"type":"if","locations":[{"start":{"line":43,"column":4},"end":{"line":43,"column":4}},{"start":{"line":43,"column":4},"end":{"line":43,"column":4}}]}}},
"contracts/utils/CompoundUtils.sol":{"l":{"27":5,"29":5,"30":5,"39":2,"41":2,"45":2,"46":2,"47":2,"48":2,"60":1,"61":1,"64":1,"67":1,"68":1,"72":1,"73":1,"74":1,"75":1,"84":1,"85":1,"88":1,"95":2,"97":2,"108":2,"109":2,"111":2,"112":2,"114":2,"122":1,"124":1,"131":1,"132":1,"133":1,"140":2,"142":2,"144":2},"path":"/Users/aparnakrishnan/Desktop/Opyn/perp-vault-templates/contracts/utils/CompoundUtils.sol","s":{"1":5,"2":5,"3":5,"4":2,"5":2,"6":2,"7":2,"8":2,"9":2,"10":1,"11":1,"12":1,"13":1,"14":1,"15":1,"16":1,"17":1,"18":1,"19":1,"20":1,"21":1,"22":2,"23":2,"24":2,"25":2,"26":2,"27":2,"28":2,"29":1,"30":1,"31":1,"32":1,"33":1,"34":2,"35":2,"36":2},"b":{"1":[2,0],"2":[1,0],"3":[1,0],"4":[1,0],"5":[2,0],"6":[1,0],"7":[2,0]},"f":{"1":5,"2":2,"3":1,"4":1,"5":2,"6":2,"7":1,"8":1,"9":2},"fnMap":{"1":{"name":"_initCompoundUtils","line":22,"loc":{"start":{"line":22,"column":2},"end":{"line":31,"column":2}}},"2":{"name":"_supplyWeth","line":37,"loc":{"start":{"line":37,"column":2},"end":{"line":49,"column":2}}},"3":{"name":"_supplyERC20","line":55,"loc":{"start":{"line":55,"column":2},"end":{"line":76,"column":2}}},"4":{"name":"_borrowWeth","line":82,"loc":{"start":{"line":82,"column":2},"end":{"line":89,"column":2}}},"5":{"name":"_borrowERC20","line":94,"loc":{"start":{"line":94,"column":2},"end":{"line":98,"column":2}}},"6":{"name":"_repayERC20","line":103,"loc":{"start":{"line":103,"column":2},"end":{"line":115,"column":2}}},"7":{"name":"_repayWETH","line":121,"loc":{"start":{"line":121,"column":2},"end":{"line":125,"column":2}}},"8":{"name":"_redeemERC20","line":130,"loc":{"start":{"line":130,"column":2},"end":{"line":134,"column":2}}},"9":{"name":"_redeemWETH","line":139,"loc":{"start":{"line":139,"column":2},"end":{"line":145,"column":2}}}},"statementMap":{"1":{"start":{"line":27,"column":4},"end":{"line":27,"column":50}},"2":{"start":{"line":29,"column":4},"end":{"line":29,"column":22}},"3":{"start":{"line":30,"column":4},"end":{"line":30,"column":22}},"4":{"start":{"line":39,"column":4},"end":{"line":39,"column":25}},"5":{"start":{"line":41,"column":4},"end":{"line":41,"column":30}},"6":{"start":{"line":45,"column":4},"end":{"line":45,"column":47}},"7":{"start":{"line":46,"column":4},"end":{"line":46,"column":29}},"8":{"start":{"line":47,"column":4},"end":{"line":47,"column":63}},"9":{"start":{"line":48,"column":4},"end":{"line":48,"column":62}},"10":{"start":{"line":60,"column":4},"end":{"line":60,"column":37}},"11":{"start":{"line":61,"column":4},"end":{"line":61,"column":43}},"12":{"start":{"line":64,"column":4},"end":{"line":64,"column":39}},"13":{"start":{"line":67,"column":4},"end":{"line":67,"column":40}},"14":{"start":{"line":68,"column":4},"end":{"line":68,"column":43}},"15":{"start":{"line":72,"column":4},"end":{"line":72,"column":47}},"16":{"start":{"line":73,"column":4},"end":{"line":73,"column":23}},"17":{"start":{"line":74,"column":4},"end":{"line":74,"column":63}},"18":{"start":{"line":75,"column":4},"end":{"line":75,"column":62}},"19":{"start":{"line":84,"column":4},"end":{"line":84,"column":48}},"20":{"start":{"line":85,"column":4},"end":{"line":85,"column":39}},"21":{"start":{"line":88,"column":4},"end":{"line":88,"column":41}},"22":{"start":{"line":95,"column":4},"end":{"line":95,"column":37}},"23":{"start":{"line":97,"column":4},"end":{"line":97,"column":33}},"24":{"start":{"line":108,"column":4},"end":{"line":108,"column":43}},"25":{"start":{"line":109,"column":4},"end":{"line":109,"column":37}},"26":{"start":{"line":111,"column":4},"end":{"line":111,"column":44}},"27":{"start":{"line":112,"column":4},"end":{"line":112,"column":52}},"28":{"start":{"line":114,"column":4},"end":{"line":114,"column":50}},"29":{"start":{"line":122,"column":4},"end":{"line":122,"column":30}},"30":{"start":{"line":124,"column":4},"end":{"line":124,"column":42}},"31":{"start":{"line":131,"column":4},"end":{"line":131,"column":37}},"32":{"start":{"line":132,"column":4},"end":{"line":132,"column":48}},"33":{"start":{"line":133,"column":4},"end":{"line":133,"column":45}},"34":{"start":{"line":140,"column":4},"end":{"line":140,"column":46}},"35":{"start":{"line":142,"column":4},"end":{"line":142,"column":43}},"36":{"start":{"line":144,"column":4},"end":{"line":144,"column":47}}},"branchMap":{"1":{"line":48,"type":"if","locations":[{"start":{"line":48,"column":4},"end":{"line":48,"column":4}},{"start":{"line":48,"column":4},"end":{"line":48,"column":4}}]},"2":{"line":68,"type":"if","locations":[{"start":{"line":68,"column":4},"end":{"line":68,"column":4}},{"start":{"line":68,"column":4},"end":{"line":68,"column":4}}]},"3":{"line":75,"type":"if","locations":[{"start":{"line":75,"column":4},"end":{"line":75,"column":4}},{"start":{"line":75,"column":4},"end":{"line":75,"column":4}}]},"4":{"line":85,"type":"if","locations":[{"start":{"line":85,"column":4},"end":{"line":85,"column":4}},{"start":{"line":85,"column":4},"end":{"line":85,"column":4}}]},"5":{"line":114,"type":"if","locations":[{"start":{"line":114,"column":4},"end":{"line":114,"column":4}},{"start":{"line":114,"column":4},"end":{"line":114,"column":4}}]},"6":{"line":133,"type":"if","locations":[{"start":{"line":133,"column":4},"end":{"line":133,"column":4}},{"start":{"line":133,"column":4},"end":{"line":133,"column":4}}]},"7":{"line":142,"type":"if","locations":[{"start":{"line":142,"column":4},"end":{"line":142,"column":4}},{"start":{"line":142,"column":4},"end":{"line":142,"column":4}}]}}},
"contracts/utils/GammaUtils.sol":{"l":{"15":12,"22":9,"23":9,"24":3,"28":9,"30":9,"41":9,"54":4,"56":4,"67":4,"78":4,"85":2,"87":2,"98":2,"102":1,"104":1,"114":1},"path":"/Users/aparnakrishnan/Desktop/Opyn/perp-vault-templates/contracts/utils/GammaUtils.sol","s":{"1":12,"2":9,"3":9,"4":3,"5":9,"6":9,"7":9,"8":4,"9":4,"10":4,"11":4,"12":2,"13":2,"14":2,"15":1,"16":1,"17":1},"b":{"1":[3,6]},"f":{"1":12,"2":9,"3":4,"4":2,"5":1},"fnMap":{"1":{"name":"_initGammaUtil","line":14,"loc":{"start":{"line":14,"column":2},"end":{"line":16,"column":2}}},"2":{"name":"_openGammaVault","line":21,"loc":{"start":{"line":21,"column":2},"end":{"line":42,"column":2}}},"3":{"name":"_mintOTokens","line":47,"loc":{"start":{"line":47,"column":2},"end":{"line":79,"column":2}}},"4":{"name":"_settleGammaVault","line":84,"loc":{"start":{"line":84,"column":2},"end":{"line":99,"column":2}}},"5":{"name":"_redeemOTokens","line":101,"loc":{"start":{"line":101,"column":2},"end":{"line":115,"column":2}}}},"statementMap":{"1":{"start":{"line":15,"column":4},"end":{"line":15,"column":40}},"2":{"start":{"line":22,"column":4},"end":{"line":22,"column":21}},"3":{"start":{"line":23,"column":4},"end":{"line":23,"column":725}},"4":{"start":{"line":24,"column":6},"end":{"line":24,"column":34}},"5":{"start":{"line":28,"column":4},"end":{"line":28,"column":77}},"6":{"start":{"line":30,"column":4},"end":{"line":30,"column":922}},"7":{"start":{"line":41,"column":4},"end":{"line":41,"column":30}},"8":{"start":{"line":54,"column":4},"end":{"line":54,"column":77}},"9":{"start":{"line":56,"column":4},"end":{"line":56,"column":1540}},"10":{"start":{"line":67,"column":4},"end":{"line":67,"column":1852}},"11":{"start":{"line":78,"column":4},"end":{"line":78,"column":30}},"12":{"start":{"line":85,"column":4},"end":{"line":85,"column":77}},"13":{"start":{"line":87,"column":4},"end":{"line":87,"column":2416}},"14":{"start":{"line":98,"column":4},"end":{"line":98,"column":30}},"15":{"start":{"line":102,"column":4},"end":{"line":102,"column":77}},"16":{"start":{"line":104,"column":4},"end":{"line":104,"column":2906}},"17":{"start":{"line":114,"column":4},"end":{"line":114,"column":30}}},"branchMap":{"1":{"line":23,"type":"if","locations":[{"start":{"line":23,"column":4},"end":{"line":23,"column":4}},{"start":{"line":23,"column":4},"end":{"line":23,"column":4}}]}}},
"contracts/utils/RollOverBase.sol":{"l":{"31":9,"32":6,"36":21,"37":16,"41":12,"42":12,"50":8,"51":5,"52":3,"54":3,"56":3,"61":3,"65":6,"67":3,"68":3,"70":3,"74":5,"75":5},"path":"/Users/aparnakrishnan/Desktop/Opyn/perp-vault-templates/contracts/utils/RollOverBase.sol","s":{"1":9,"2":21,"3":12,"4":12,"5":8,"6":5,"7":3,"8":3,"9":3,"10":3,"11":6,"12":3,"13":3,"14":3,"15":5,"16":5},"b":{"1":[6,3],"2":[16,5],"3":[5,3],"4":[3,3],"5":[5,0]},"f":{"1":9,"2":21,"3":12,"4":8,"5":3,"6":6,"7":5,"8":1},"fnMap":{"1":{"name":"onlyCommitted","line":30,"loc":{"start":{"line":30,"column":2},"end":{"line":33,"column":2}}},"2":{"name":"onlyActivated","line":35,"loc":{"start":{"line":35,"column":2},"end":{"line":38,"column":2}}},"3":{"name":"_initRollOverBase","line":40,"loc":{"start":{"line":40,"column":2},"end":{"line":43,"column":2}}},"4":{"name":"commitOToken","line":49,"loc":{"start":{"line":49,"column":2},"end":{"line":57,"column":2}}},"5":{"name":"_setActionIdle","line":59,"loc":{"start":{"line":59,"column":2},"end":{"line":62,"column":2}}},"6":{"name":"_rollOverNextOTokenAndActivate","line":64,"loc":{"start":{"line":64,"column":2},"end":{"line":71,"column":2}}},"7":{"name":"_checkOToken","line":73,"loc":{"start":{"line":73,"column":2},"end":{"line":76,"column":2}}},"8":{"name":"_customOTokenCheck","line":81,"loc":{"start":{"line":81,"column":2},"end":{"line":81,"column":74}}}},"statementMap":{"1":{"start":{"line":31,"column":4},"end":{"line":31,"column":55}},"2":{"start":{"line":36,"column":4},"end":{"line":36,"column":56}},"3":{"start":{"line":41,"column":4},"end":{"line":41,"column":27}},"4":{"start":{"line":42,"column":4},"end":{"line":42,"column":45}},"5":{"start":{"line":50,"column":4},"end":{"line":50,"column":55}},"6":{"start":{"line":51,"column":4},"end":{"line":51,"column":28}},"7":{"start":{"line":52,"column":4},"end":{"line":52,"column":27}},"8":{"start":{"line":54,"column":4},"end":{"line":54,"column":32}},"9":{"start":{"line":56,"column":4},"end":{"line":56,"column":37}},"10":{"start":{"line":61,"column":4},"end":{"line":61,"column":27}},"11":{"start":{"line":65,"column":4},"end":{"line":65,"column":91}},"12":{"start":{"line":67,"column":4},"end":{"line":67,"column":22}},"13":{"start":{"line":68,"column":4},"end":{"line":68,"column":26}},"14":{"start":{"line":70,"column":4},"end":{"line":70,"column":32}},"15":{"start":{"line":74,"column":4},"end":{"line":74,"column":69}},"16":{"start":{"line":75,"column":4},"end":{"line":75,"column":34}}},"branchMap":{"1":{"line":31,"type":"if","locations":[{"start":{"line":31,"column":4},"end":{"line":31,"column":4}},{"start":{"line":31,"column":4},"end":{"line":31,"column":4}}]},"2":{"line":36,"type":"if","locations":[{"start":{"line":36,"column":4},"end":{"line":36,"column":4}},{"start":{"line":36,"column":4},"end":{"line":36,"column":4}}]},"3":{"line":50,"type":"if","locations":[{"start":{"line":50,"column":4},"end":{"line":50,"column":4}},{"start":{"line":50,"column":4},"end":{"line":50,"column":4}}]},"4":{"line":65,"type":"if","locations":[{"start":{"line":65,"column":4},"end":{"line":65,"column":4}},{"start":{"line":65,"column":4},"end":{"line":65,"column":4}}]},"5":{"line":74,"type":"if","locations":[{"start":{"line":74,"column":4},"end":{"line":74,"column":4}},{"start":{"line":74,"column":4},"end":{"line":74,"column":4}}]}}},
"contracts/utils/ZeroXUtils.sol":{"l":{"17":3,"25":1,"26":1,"34":1,"35":1},"path":"/Users/aparnakrishnan/Desktop/Opyn/perp-vault-templates/contracts/utils/ZeroXUtils.sol","s":{"1":3,"2":1,"3":1,"4":1,"5":1},"b":{},"f":{"1":3,"2":1,"3":1},"fnMap":{"1":{"name":"_init0x","line":16,"loc":{"start":{"line":16,"column":2},"end":{"line":18,"column":2}}},"2":{"name":"_fillLimitOrder","line":20,"loc":{"start":{"line":20,"column":2},"end":{"line":27,"column":2}}},"3":{"name":"_fillRFQOrder","line":29,"loc":{"start":{"line":29,"column":2},"end":{"line":36,"column":2}}}},"statementMap":{"1":{"start":{"line":17,"column":4},"end":{"line":17,"column":33}},"2":{"start":{"line":25,"column":4},"end":{"line":25,"column":77}},"3":{"start":{"line":26,"column":4},"end":{"line":26,"column":86}},"4":{"start":{"line":34,"column":4},"end":{"line":34,"column":77}},"5":{"start":{"line":35,"column":4},"end":{"line":35,"column":66}}},"branchMap":{}}}
