TN:
SF:/Users/aparnakrishnan/Desktop/Opyn/perp-vault-templates/contracts/core/OpynPerpVault.sol
FN:103,onlyUnlocked
FN:111,onlyLocked
FN:119,lockState
FN:128,unlockState
FN:137,notEmergency
FN:169,init
FN:198,setCap
FN:206,totalAsset
FN:215,getSharesByDepositAmount
FN:224,getWithdrawAmountByShares
FN:233,deposit
FN:245,registerDeposit
FN:262,claimShares
FN:281,withdraw
FN:293,registerWithdraw
FN:305,withdrawFromQueue
FN:320,closePositions
FN:336,rollOver
FN:347,emergencyPause
FN:356,resumeFromPause
FN:369,_netAssetsControlled
FN:376,_totalAssets
FN:383,_effectiveBalance
FN:391,_totalDebt
FN:402,_deposit
FN:419,_closeAndWithdraw
FN:434,_distribute
FN:460,_withdrawFromQueue
FN:480,_regularWithdraw
FN:495,_getSharesByDepositAmount
FN:505,_getWithdrawAmountByShares
FN:513,_payRoundFee
FN:543,_snapshotShareAndAsset
FNF:33
FNH:33
FNDA:21,onlyUnlocked
FNDA:13,onlyLocked
FNDA:5,lockState
FNDA:2,unlockState
FNDA:5,notEmergency
FNDA:3,init
FNDA:2,setCap
FNDA:13,totalAsset
FNDA:10,getSharesByDepositAmount
FNDA:1,getWithdrawAmountByShares
FNDA:7,deposit
FNDA:3,registerDeposit
FNDA:2,claimShares
FNDA:3,withdraw
FNDA:4,registerWithdraw
FNDA:4,withdrawFromQueue
FNDA:2,closePositions
FNDA:5,rollOver
FNDA:1,emergencyPause
FNDA:2,resumeFromPause
FNDA:34,_netAssetsControlled
FNDA:10,_totalAssets
FNDA:42,_effectiveBalance
FNDA:44,_totalDebt
FNDA:7,_deposit
FNDA:2,_closeAndWithdraw
FNDA:4,_distribute
FNDA:4,_withdrawFromQueue
FNDA:3,_regularWithdraw
FNDA:16,_getSharesByDepositAmount
FNDA:4,_getWithdrawAmountByShares
FNDA:2,_payRoundFee
FNDA:2,_snapshotShareAndAsset
DA:104,21
DA:105,15
DA:112,13
DA:113,9
DA:120,5
DA:121,5
DA:122,5
DA:129,2
DA:130,2
DA:131,2
DA:138,5
DA:139,4
DA:170,3
DA:171,3
DA:172,3
DA:173,3
DA:174,3
DA:176,3
DA:177,3
DA:178,3
DA:181,3
DA:183,8
DA:184,6
DA:186,6
DA:189,1
DA:191,1
DA:199,2
DA:200,2
DA:207,13
DA:216,10
DA:225,1
DA:234,7
DA:235,7
DA:246,3
DA:247,3
DA:248,3
DA:249,2
DA:252,2
DA:263,2
DA:264,1
DA:266,1
DA:268,1
DA:271,1
DA:282,3
DA:283,3
DA:294,4
DA:295,4
DA:296,4
DA:306,4
DA:307,3
DA:322,2
DA:324,2
DA:327,2
DA:329,2
DA:330,2
DA:337,5
DA:339,4
DA:341,4
DA:348,1
DA:349,1
DA:350,1
DA:357,2
DA:358,1
DA:359,1
DA:370,34
DA:377,10
DA:384,42
DA:392,44
DA:393,44
DA:394,88
DA:396,44
DA:404,7
DA:405,7
DA:406,7
DA:407,6
DA:409,6
DA:411,6
DA:413,6
DA:420,2
DA:422,4
DA:425,4
DA:426,4
DA:435,4
DA:437,4
DA:440,4
DA:441,4
DA:442,8
DA:443,8
DA:445,7
DA:447,7
DA:448,7
DA:449,7
DA:453,3
DA:461,4
DA:463,3
DA:464,3
DA:467,3
DA:469,3
DA:471,3
DA:473,3
DA:481,3
DA:483,3
DA:485,3
DA:487,3
DA:496,16
DA:498,16
DA:499,16
DA:506,4
DA:507,4
DA:515,2
DA:516,2
DA:518,2
DA:520,2
DA:522,2
DA:528,2
DA:529,2
DA:531,2
DA:533,2
DA:544,2
DA:545,2
DA:546,2
DA:548,2
DA:551,2
DA:552,2
DA:558,2
DA:559,2
DA:565,2
DA:566,2
DA:567,2
LF:129
LH:129
BRDA:104,1,0,15
BRDA:104,1,1,6
BRDA:112,2,0,9
BRDA:112,2,1,4
BRDA:138,3,0,4
BRDA:138,3,1,1
BRDA:184,4,0,4
BRDA:184,4,1,2
BRDA:248,5,0,2
BRDA:248,5,1,1
BRDA:263,6,0,1
BRDA:263,6,1,1
BRDA:337,7,0,4
BRDA:337,7,1,1
BRDA:357,8,0,1
BRDA:357,8,1,1
BRDA:406,9,0,6
BRDA:406,9,1,1
BRDA:426,10,0,4
BRDA:426,10,1,0
BRDA:443,11,0,7
BRDA:443,11,1,1
BRDA:447,12,0,7
BRDA:447,12,1,0
BRDA:453,13,0,2
BRDA:453,13,1,1
BRDA:461,14,0,3
BRDA:461,14,1,1
BRDA:518,15,0,2
BRDA:518,15,1,0
BRDA:529,16,0,1
BRDA:529,16,1,1
BRF:32
BRH:29
end_of_record
TN:
SF:/Users/aparnakrishnan/Desktop/Opyn/perp-vault-templates/contracts/example-actions/CTokenTreasury.sol
FN:33,constructor
FN:40,onlyVault
FN:50,currentValue
FN:57,closePosition
FN:74,rolloverPosition
FNF:5
FNH:0
FNDA:0,constructor
FNDA:0,onlyVault
FNDA:0,currentValue
FNDA:0,closePosition
FNDA:0,rolloverPosition
DA:34,0
DA:35,0
DA:37,0
DA:41,0
DA:43,0
DA:51,0
DA:58,0
DA:60,0
DA:64,0
DA:68,0
DA:76,0
LF:11
LH:0
BRDA:41,1,0,0
BRDA:41,1,1,0
BRF:2
BRH:0
end_of_record
TN:
SF:/Users/aparnakrishnan/Desktop/Opyn/perp-vault-templates/contracts/example-actions/LongOToken.sol
FN:42,constructor
FN:69,onlyVault
FN:79,currentValue
FN:87,closePosition
FN:101,rolloverPosition
FN:110,canClosePosition
FN:132,startAuction
FN:155,bidInAuction
FN:162,tradeAirswapOTC
FN:177,trade0xLimit
FN:191,trade0xRFQ
FN:207,_customOTokenCheck
FN:221,_isValidStrike
FN:240,_isValidExpiry
FNF:14
FNH:14
FNDA:3,constructor
FNDA:6,onlyVault
FNDA:1,currentValue
FNDA:1,closePosition
FNDA:3,rolloverPosition
FNDA:1,canClosePosition
FNDA:1,startAuction
FNDA:1,bidInAuction
FNDA:3,tradeAirswapOTC
FNDA:3,trade0xLimit
FNDA:3,trade0xRFQ
FNDA:2,_customOTokenCheck
FNDA:2,_isValidStrike
FNDA:1,_isValidExpiry
DA:50,3
DA:51,3
DA:54,3
DA:56,3
DA:58,3
DA:61,3
DA:62,3
DA:63,3
DA:65,3
DA:66,3
DA:70,6
DA:72,4
DA:80,1
DA:88,1
DA:89,1
DA:90,1
DA:91,1
DA:95,1
DA:102,3
DA:103,1
DA:111,1
DA:112,1
DA:115,0
DA:133,1
DA:156,1
DA:163,3
DA:164,3
DA:165,2
DA:167,1
DA:179,3
DA:180,2
DA:181,1
DA:193,3
DA:194,2
DA:195,1
DA:208,2
DA:209,2
DA:213,1
DA:228,2
DA:229,2
DA:230,2
DA:232,0
DA:243,1
LF:43
LH:41
BRDA:70,1,0,4
BRDA:70,1,1,2
BRDA:88,2,0,1
BRDA:88,2,1,0
BRDA:89,3,0,1
BRDA:89,3,1,0
BRDA:111,4,0,1
BRDA:111,4,1,0
BRDA:163,5,0,3
BRDA:163,5,1,0
BRDA:164,6,0,2
BRDA:164,6,1,1
BRDA:165,7,0,1
BRDA:165,7,1,1
BRDA:179,8,0,2
BRDA:179,8,1,1
BRDA:180,9,0,1
BRDA:180,9,1,1
BRDA:193,10,0,2
BRDA:193,10,1,1
BRDA:194,11,0,1
BRDA:194,11,1,1
BRDA:209,12,0,1
BRDA:209,12,1,1
BRDA:213,13,0,1
BRDA:213,13,1,0
BRDA:229,14,0,2
BRDA:229,14,1,0
BRF:28
BRH:22
end_of_record
TN:
SF:/Users/aparnakrishnan/Desktop/Opyn/perp-vault-templates/contracts/example-actions/LongOTokenWithCToken.sol
FN:51,constructor
FN:86,onlyVault
FN:95,currentValue
FN:103,closePosition
FN:128,rolloverPosition
FN:155,canClosePosition
FN:166,tradeAirswapOTC
FN:186,_customOTokenCheck
FN:202,_isValidStrike
FN:221,_isValidExpiry
FNF:10
FNH:0
FNDA:0,constructor
FNDA:0,onlyVault
FNDA:0,currentValue
FNDA:0,closePosition
FNDA:0,rolloverPosition
FNDA:0,canClosePosition
FNDA:0,tradeAirswapOTC
FNDA:0,_customOTokenCheck
FNDA:0,_isValidStrike
FNDA:0,_isValidExpiry
DA:60,0
DA:61,0
DA:62,0
DA:64,0
DA:66,0
DA:69,0
DA:71,0
DA:73,0
DA:75,0
DA:78,0
DA:80,0
DA:81,0
DA:83,0
DA:87,0
DA:89,0
DA:96,0
DA:104,0
DA:107,0
DA:109,0
DA:110,0
DA:112,0
DA:114,0
DA:117,0
DA:122,0
DA:129,0
DA:130,0
DA:132,0
DA:133,0
DA:136,0
DA:137,0
DA:139,0
DA:140,0
DA:142,0
DA:145,0
DA:148,0
DA:156,0
DA:157,0
DA:160,0
DA:167,0
DA:168,0
DA:169,0
DA:171,0
DA:173,0
DA:175,0
DA:177,0
DA:187,0
DA:188,0
DA:189,0
DA:190,0
DA:209,0
DA:210,0
DA:211,0
DA:213,0
DA:224,0
LF:54
LH:0
BRDA:87,1,0,0
BRDA:87,1,1,0
BRDA:104,2,0,0
BRDA:104,2,1,0
BRDA:107,3,0,0
BRDA:107,3,1,0
BRDA:112,4,0,0
BRDA:112,4,1,0
BRDA:140,5,0,0
BRDA:140,5,1,0
BRDA:148,6,0,0
BRDA:148,6,1,0
BRDA:156,7,0,0
BRDA:156,7,1,0
BRDA:167,8,0,0
BRDA:167,8,1,0
BRDA:168,9,0,0
BRDA:168,9,1,0
BRDA:169,10,0,0
BRDA:169,10,1,0
BRDA:189,11,0,0
BRDA:189,11,1,0
BRDA:190,12,0,0
BRDA:190,12,1,0
BRDA:210,13,0,0
BRDA:210,13,1,0
BRF:26
BRH:0
end_of_record
TN:
SF:/Users/aparnakrishnan/Desktop/Opyn/perp-vault-templates/contracts/example-actions/ShortOToken.sol
FN:62,constructor
FN:96,onlyVault
FN:111,currentValue
FN:122,closePosition
FN:139,rolloverPosition
FN:162,mintAndStartAuction
FN:196,mintAndBidInAuction
FN:216,mintAndTradeAirSwapOTC
FN:234,canClosePosition
FN:244,_canSettleVault
FN:257,_customOTokenCheck
FN:272,_isValidStrike
FN:291,_isValidExpiry
FNF:13
FNH:13
FNDA:6,constructor
FNDA:6,onlyVault
FNDA:1,currentValue
FNDA:1,closePosition
FNDA:3,rolloverPosition
FNDA:2,mintAndStartAuction
FNDA:1,mintAndBidInAuction
FNDA:4,mintAndTradeAirSwapOTC
FNDA:1,canClosePosition
FNDA:2,_canSettleVault
FNDA:2,_customOTokenCheck
FNDA:2,_isValidStrike
FNDA:1,_isValidExpiry
DA:70,6
DA:71,6
DA:74,6
DA:76,6
DA:79,6
DA:81,6
DA:82,6
DA:84,6
DA:87,6
DA:88,6
DA:90,6
DA:91,6
DA:93,6
DA:97,6
DA:99,4
DA:112,1
DA:113,1
DA:123,1
DA:124,1
DA:125,1
DA:127,1
DA:128,1
DA:140,3
DA:141,1
DA:164,2
DA:165,1
DA:166,1
DA:169,2
DA:198,1
DA:199,1
DA:200,1
DA:203,1
DA:217,4
DA:218,4
DA:219,3
DA:220,2
DA:222,1
DA:225,1
DA:227,1
DA:235,1
DA:236,1
DA:238,0
DA:245,2
DA:246,2
DA:249,0
DA:258,2
DA:259,2
DA:263,1
DA:279,2
DA:280,2
DA:281,0
DA:283,2
DA:294,1
LF:53
LH:50
BRDA:97,1,0,4
BRDA:97,1,1,2
BRDA:123,2,0,1
BRDA:123,2,1,0
BRDA:124,3,0,1
BRDA:124,3,1,0
BRDA:164,4,0,1
BRDA:164,4,1,1
BRDA:198,5,0,1
BRDA:198,5,1,0
BRDA:217,6,0,4
BRDA:217,6,1,0
BRDA:218,7,0,3
BRDA:218,7,1,1
BRDA:219,8,0,2
BRDA:219,8,1,1
BRDA:220,9,0,1
BRDA:220,9,1,1
BRDA:235,10,0,1
BRDA:235,10,1,0
BRDA:245,11,0,2
BRDA:245,11,1,0
BRDA:259,12,0,1
BRDA:259,12,1,1
BRDA:263,13,0,1
BRDA:263,13,1,0
BRDA:280,14,0,0
BRDA:280,14,1,2
BRF:28
BRH:20
end_of_record
TN:
SF:/Users/aparnakrishnan/Desktop/Opyn/perp-vault-templates/contracts/example-actions/ShortPutWithETH.sol
FN:63,constructor
FN:101,onlyVault
FN:116,currentValue
FN:129,rolloverPosition
FN:138,canClosePosition
FN:155,closePosition
FN:188,borrowMintAndTradeOTC
FN:201,_canSettleVault
FNF:8
FNH:7
FNDA:3,constructor
FNDA:6,onlyVault
FNDA:0,currentValue
FNDA:3,rolloverPosition
FNDA:1,canClosePosition
FNDA:1,closePosition
FNDA:1,borrowMintAndTradeOTC
FNDA:2,_canSettleVault
DA:73,3
DA:74,3
DA:75,3
DA:76,3
DA:79,3
DA:81,3
DA:84,3
DA:86,3
DA:89,3
DA:91,3
DA:93,3
DA:95,3
DA:96,3
DA:98,3
DA:102,6
DA:104,4
DA:117,0
DA:118,0
DA:130,3
DA:131,1
DA:139,1
DA:140,1
DA:142,0
DA:156,1
DA:157,1
DA:159,1
DA:163,1
DA:164,1
DA:169,1
DA:170,1
DA:171,1
DA:175,1
DA:189,1
DA:190,1
DA:191,1
DA:194,1
DA:195,1
DA:202,2
DA:203,2
DA:206,0
LF:40
LH:36
BRDA:102,1,0,4
BRDA:102,1,1,2
BRDA:139,2,0,1
BRDA:139,2,1,0
BRDA:156,3,0,1
BRDA:156,3,1,0
BRDA:157,4,0,1
BRDA:157,4,1,0
BRDA:202,5,0,2
BRDA:202,5,1,0
BRF:10
BRH:6
end_of_record
TN:
SF:/Users/aparnakrishnan/Desktop/Opyn/perp-vault-templates/contracts/libraries/SwapTypes.sol
FNF:0
FNH:0
LF:0
LH:0
BRF:0
BRH:0
end_of_record
TN:
SF:/Users/aparnakrishnan/Desktop/Opyn/perp-vault-templates/contracts/proxy/CTokenProxy.sol
FN:23,constructor
FN:39,depositUnderlying
FN:54,registerDepositUnderlying
FN:66,withdrawUnderlying
FNF:4
FNH:0
FNDA:0,constructor
FNDA:0,depositUnderlying
FNDA:0,registerDepositUnderlying
FNDA:0,withdrawUnderlying
DA:28,0
DA:29,0
DA:30,0
DA:32,0
DA:33,0
DA:40,0
DA:41,0
DA:43,0
DA:44,0
DA:46,0
DA:47,0
DA:55,0
DA:56,0
DA:58,0
DA:59,0
DA:67,0
DA:70,0
DA:72,0
DA:74,0
DA:76,0
DA:77,0
LF:21
LH:0
BRF:0
BRH:0
end_of_record
TN:
SF:/Users/aparnakrishnan/Desktop/Opyn/perp-vault-templates/contracts/proxy/ETHProxy.sol
FN:18,constructor
FN:28,depositETH
FN:42,registerDepositETH
FN:52,withdrawETH
FNF:4
FNH:4
FNDA:3,constructor
FNDA:8,depositETH
FNDA:2,registerDepositETH
FNDA:2,withdrawETH
DA:19,3
DA:20,3
DA:22,3
DA:29,8
DA:31,8
DA:33,5
DA:35,5
DA:43,2
DA:45,2
DA:53,2
DA:56,2
DA:58,1
DA:60,1
DA:61,1
DA:62,1
DA:69,1
LF:16
LH:16
BRDA:62,1,0,1
BRDA:62,1,1,0
BRDA:69,2,0,1
BRDA:69,2,1,0
BRF:4
BRH:2
end_of_record
TN:
SF:/Users/aparnakrishnan/Desktop/Opyn/perp-vault-templates/contracts/utils/AirswapUtils.sol
FN:15,_initSwapContract
FN:19,_fillAirswapOrder
FNF:2
FNH:2
FNDA:12,_initSwapContract
FNDA:3,_fillAirswapOrder
DA:16,12
DA:20,3
DA:21,3
LF:3
LH:3
BRF:0
BRH:0
end_of_record
TN:
SF:/Users/aparnakrishnan/Desktop/Opyn/perp-vault-templates/contracts/utils/AuctionUtils.sol
FN:21,_initAuction
FN:33,_bidInAuction
FN:59,_startAuction
FNF:3
FNH:3
FNDA:9,_initAuction
FNDA:2,_bidInAuction
FNDA:3,_startAuction
DA:22,9
DA:23,6
DA:24,6
DA:42,2
DA:43,2
DA:45,2
DA:46,2
DA:47,2
DA:49,2
DA:51,2
DA:70,3
DA:72,3
DA:74,3
LF:13
LH:13
BRDA:22,1,0,3
BRDA:22,1,1,6
BRDA:43,2,0,2
BRDA:43,2,1,0
BRF:4
BRH:3
end_of_record
TN:
SF:/Users/aparnakrishnan/Desktop/Opyn/perp-vault-templates/contracts/utils/CompoundUtils.sol
FN:22,_initCompoundUtils
FN:37,_supplyWeth
FN:55,_supplyERC20
FN:82,_borrowWeth
FN:94,_borrowERC20
FN:103,_repayERC20
FN:121,_repayWETH
FN:130,_redeemERC20
FN:139,_redeemWETH
FNF:9
FNH:9
FNDA:5,_initCompoundUtils
FNDA:2,_supplyWeth
FNDA:1,_supplyERC20
FNDA:1,_borrowWeth
FNDA:2,_borrowERC20
FNDA:2,_repayERC20
FNDA:1,_repayWETH
FNDA:1,_redeemERC20
FNDA:2,_redeemWETH
DA:27,5
DA:29,5
DA:30,5
DA:39,2
DA:41,2
DA:45,2
DA:46,2
DA:47,2
DA:48,2
DA:60,1
DA:61,1
DA:64,1
DA:67,1
DA:68,1
DA:72,1
DA:73,1
DA:74,1
DA:75,1
DA:84,1
DA:85,1
DA:88,1
DA:95,2
DA:97,2
DA:108,2
DA:109,2
DA:111,2
DA:112,2
DA:114,2
DA:122,1
DA:124,1
DA:131,1
DA:132,1
DA:133,1
DA:140,2
DA:142,2
DA:144,2
LF:36
LH:36
BRDA:48,1,0,2
BRDA:48,1,1,0
BRDA:68,2,0,1
BRDA:68,2,1,0
BRDA:75,3,0,1
BRDA:75,3,1,0
BRDA:85,4,0,1
BRDA:85,4,1,0
BRDA:114,5,0,2
BRDA:114,5,1,0
BRDA:133,6,0,1
BRDA:133,6,1,0
BRDA:142,7,0,2
BRDA:142,7,1,0
BRF:14
BRH:7
end_of_record
TN:
SF:/Users/aparnakrishnan/Desktop/Opyn/perp-vault-templates/contracts/utils/GammaUtils.sol
FN:14,_initGammaUtil
FN:21,_openGammaVault
FN:47,_mintOTokens
FN:84,_settleGammaVault
FN:101,_redeemOTokens
FNF:5
FNH:5
FNDA:12,_initGammaUtil
FNDA:9,_openGammaVault
FNDA:4,_mintOTokens
FNDA:2,_settleGammaVault
FNDA:1,_redeemOTokens
DA:15,12
DA:22,9
DA:23,9
DA:24,3
DA:28,9
DA:30,9
DA:41,9
DA:54,4
DA:56,4
DA:67,4
DA:78,4
DA:85,2
DA:87,2
DA:98,2
DA:102,1
DA:104,1
DA:114,1
LF:17
LH:17
BRDA:23,1,0,3
BRDA:23,1,1,6
BRF:2
BRH:2
end_of_record
TN:
SF:/Users/aparnakrishnan/Desktop/Opyn/perp-vault-templates/contracts/utils/RollOverBase.sol
FN:30,onlyCommitted
FN:35,onlyActivated
FN:40,_initRollOverBase
FN:49,commitOToken
FN:59,_setActionIdle
FN:64,_rollOverNextOTokenAndActivate
FN:73,_checkOToken
FN:81,_customOTokenCheck
FNF:8
FNH:8
FNDA:9,onlyCommitted
FNDA:21,onlyActivated
FNDA:12,_initRollOverBase
FNDA:8,commitOToken
FNDA:3,_setActionIdle
FNDA:6,_rollOverNextOTokenAndActivate
FNDA:5,_checkOToken
FNDA:1,_customOTokenCheck
DA:31,9
DA:32,6
DA:36,21
DA:37,16
DA:41,12
DA:42,12
DA:50,8
DA:51,5
DA:52,3
DA:54,3
DA:56,3
DA:61,3
DA:65,6
DA:67,3
DA:68,3
DA:70,3
DA:74,5
DA:75,5
LF:18
LH:18
BRDA:31,1,0,6
BRDA:31,1,1,3
BRDA:36,2,0,16
BRDA:36,2,1,5
BRDA:50,3,0,5
BRDA:50,3,1,3
BRDA:65,4,0,3
BRDA:65,4,1,3
BRDA:74,5,0,5
BRDA:74,5,1,0
BRF:10
BRH:9
end_of_record
TN:
SF:/Users/aparnakrishnan/Desktop/Opyn/perp-vault-templates/contracts/utils/ZeroXUtils.sol
FN:16,_init0x
FN:20,_fillLimitOrder
FN:29,_fillRFQOrder
FNF:3
FNH:3
FNDA:3,_init0x
FNDA:1,_fillLimitOrder
FNDA:1,_fillRFQOrder
DA:17,3
DA:25,1
DA:26,1
DA:34,1
DA:35,1
LF:5
LH:5
BRF:0
BRH:0
end_of_record
